+---------------------+---------------------------------------------------------+---------------------+---------------------+------------+
| id                  | TARTGET_PATH                                            | create_time         | goods_id            | CLUSTER_ID |
+---------------------+---------------------------------------------------------+---------------------+---------------------+------------+
| +1716106958569594881 | vasp-10.8.4-compiler2021_intel2021test2.tar             | 2023-10-22 22:59:17 |                NULL | 11112      |
| 1716277317902094337 | netcdf-4.6.1-hpcx_icszy_xjjs_math_1.tar                 | 2023-10-23 10:16:14 | 1716391120693043202 | 11112      |
| 1716347831572062210 | gromacs-2022.1-dcu2test_hpcx_gcc_7.3.1.tar              | 2023-10-23 14:56:26 |                NULL | 11112      |
| 1716352838048505858 | vasp-5.9.5-nfs3.2intel.tmy.10.20.10.tar.bz2             | 2023-10-23 15:16:20 | 1716352979013632002 | 11112      |
| 1716642327236993025 | lammps-5Jun2019-intelmpi2018_icszy_xa_phy01.tar         | 2023-10-24 10:26:39 |                NULL | 11112      |
| 1716682749766295553 | oneflow-0.9.1-centos7.6-dtk-23.04-py38-latest.tar       | 2023-10-24 13:07:16 | 1716700244077125634 | 11112      |
| 1717441436407566337 | plumed-v2.6.6-gcc731.tar                                | 2023-10-26 15:22:02 | 1717443128430632962 | 11112      |
| 1717770320495775746 | fluent-2021r1-ky_gray_27_1.tar                          | 2023-10-27 13:08:53 | 1717819918424678401 | 11112      |
| 1718836807910313986 | vasp-10.30.2-compiler2022_intel2021test10.tar           | 2023-10-30 11:46:44 | 1720080983569145857 | 11112      |
| 1719354970490089474 | jupyterlab-10.31.1-multi.python.tar                     | 2023-10-31 22:05:44 | 1719355718807265282 | 11112      |
| 1719917532445224962 | sparskit-2-intel2018_static.tar                         | 2023-11-02 11:21:09 |                NULL | 11112      |
| 1719917610601885697 | sparskit-2-intel2020_static.tar                         | 2023-11-02 11:21:28 |                NULL | 11112      |
| 1719917687609307138 | sparskit-2-intel2021_static.tar                         | 2023-11-02 11:21:46 |                NULL | 11112      |
| 1719999342525100034 | pytorch-1.10.0-centos7.6-dtk23.04-py38-latest.tar       | 2023-11-02 16:46:13 | 1719999615669575682 | 11112      |
| 1719999348137078786 | paddlepaddle-2.4.2-centos7.6-dtk23.04-py38-latest.tar   | 2023-11-02 16:46:15 | 1719999627749171202 | 11112      |
| 1719999349949018113 | tensorflow-2.9.0-centos7.6-dtk22.10.1-py38-latest.tar   | 2023-11-02 16:46:16 | 1719999624729272321 | 11112      |
| 1719999351358304258 | oneflow-0.9.1-centos7.6-dtk23.04-py38-latest.tar        | 2023-11-02 16:46:16 | 1719999610657382401 | 11112      |
| 1719999356479549442 | jupyterlab-pytorch-1.10.0-centos7.6-dtk23.04-latest.tar | 2023-11-02 16:46:17 | 1719999613203324930 | 11112      |
| 1720072609281699842 | vasp-10.31.3-compiler2021_intel2021test6.tar            | 2023-11-02 21:37:22 | 1720080983569145857 | 11112      |
| 1721413708759789570 | pnetcdf-1.12.3-hpcx.tar                                 | 2023-11-06 14:26:25 | 1721414052112703489 | 11112      |
| 1721515807166271489 | vasp-11.06.1-compiler2022_intel2021test10.tar           | 2023-11-06 21:12:07 | 1721516125881888769 | 11112      |
| 1721732356829450242 | giremi-0.2.1-gcc731.tar                                 | 2023-11-07 11:32:37 | 1721783781386088450 | 11112      |
| 1722071285785006082 | qe-6.6-hpcx_intel2017test.tar                           | 2023-11-08 09:59:24 | 1722076365190852609 | 11112      |
| 1722429804019290114 | abaqus-2020-none.tar                                    | 2023-11-09 09:44:01 | 1722085003603210242 | 11112      |
| 1724271310954917889 | hcephes-0.4.1-gcc731.tar                                | 2023-11-14 11:41:31 | 1724271451857195010 | 11112      |
| 1724271312112545794 | hcephes-0.4.1-intel2017.tar                             | 2023-11-14 11:41:31 | 1724271451857195010 | 11112      |
| 1724271313307922433 | hcephes-0.4.1-intel2018.tar                             | 2023-11-14 11:41:31 | 1724271451857195010 | 11112      |
| 1724271314419412994 | hcephes-0.4.1-intel2020.tar                             | 2023-11-14 11:41:31 | 1724271451857195010 | 11112      |
| 1724271315568652289 | hcephes-0.4.1-intel2021.tar                             | 2023-11-14 11:41:32 | 1724271451857195010 | 11112      |
| 1724271317028270081 | ioapi-3.2-hpcx_static.tar                               | 2023-11-14 11:41:32 | 1724271455892115458 | 11112      |
| 1724271318076846081 | ioapi-3.2-intelmpi2017_static.tar                       | 2023-11-14 11:41:32 | 1724271455892115458 | 11112      |
| 1724271319138004994 | ioapi-3.2-intelmpi2018_static.tar                       | 2023-11-14 11:41:33 | 1724271455892115458 | 11112      |
| 1724271320194969602 | ioapi-3.2-intelmpi2020_static.tar                       | 2023-11-14 11:41:33 | 1724271455892115458 | 11112      |
| 1724271321226768386 | ioapi-3.2-intelmpi2021_static.tar                       | 2023-11-14 11:41:33 | 1724271455892115458 | 11112      |
| 1724271322262761473 | jpeg-9e-gcc731.tar                                      | 2023-11-14 11:41:33 | 1724271459214004226 | 11112      |
| 1724271323386834946 | jpeg-9e-intel2017.tar                                   | 2023-11-14 11:41:34 | 1724271459214004226 | 11112      |
| 1724271324456382466 | jpeg-9e-intel2018.tar                                   | 2023-11-14 11:41:34 | 1724271459214004226 | 11112      |
| 1724271325530124289 | jpeg-9e-intel2020.tar                                   | 2023-11-14 11:41:34 | 1724271459214004226 | 11112      |
| 1724271326675169282 | jpeg-9e-intel2021.tar                                   | 2023-11-14 11:41:34 | 1724271459214004226 | 11112      |
| 1724271327790854145 | lapack-3.11-gcc731.tar                                  | 2023-11-14 11:41:35 | 1724271461940301825 | 11112      |
| 1724271330055778305 | leptonica-1.83.1-intel2017.tar                          | 2023-11-14 11:41:35 | 1724271464574324738 | 11112      |
| 1724271331205017602 | leptonica-1.83.1-intel2018.tar                          | 2023-11-14 11:41:35 | 1724271464574324738 | 11112      |
| 1724271332295536642 | leptonica-1.83.1-intel2020.tar                          | 2023-11-14 11:41:36 | 1724271464574324738 | 11112      |
| 1724271333633519618 | leptonica-1.83.1-intel2021.tar                          | 2023-11-14 11:41:36 | 1724271464574324738 | 11112      |
| 1724271334711455746 | nlopt-2.7.0-gcc731.tar                                  | 2023-11-14 11:41:36 | 1724271467413868545 | 11112      |
| 1724271335772614658 | nlopt-2.7.0-intel2017.tar                               | 2023-11-14 11:41:37 | 1724271467413868545 | 11112      |
| 1724271336850550786 | nlopt-2.7.0-intel2018.tar                               | 2023-11-14 11:41:37 | 1724271467413868545 | 11112      |
| 1724271337970429954 | nlopt-2.7.0-intel2020.tar                               | 2023-11-14 11:41:37 | 1724271467413868545 | 11112      |
| 1724271339006423041 | nlopt-2.7.0-intel2021.tar                               | 2023-11-14 11:41:37 | 1724271467413868545 | 11112      |
| 1724271340101136386 | petsc-3.19.5-hpcx.tar                                   | 2023-11-14 11:41:38 | 1724271470064668674 | 11112      |
| 1724271341212626946 | petsc-3.19.5-intelmpi2020.tar                           | 2023-11-14 11:41:38 | 1724271470064668674 | 11112      |
| 1724271342307340289 | petsc-3.19.5-intelmpi2021.tar                           | 2023-11-14 11:41:38 | 1724271470064668674 | 11112      |
| 1724271343381082113 | pnetcdf-1.12.3-hpcx.tar                                 | 2023-11-14 11:41:38 | 1724271472883240962 | 11112      |
| 1724271344421269505 | pnetcdf-1.12.3-intelmpi2017.tar                         | 2023-11-14 11:41:39 | 1724271472883240962 | 11112      |
| 1724271345570508801 | pnetcdf-1.12.3-intelmpi2018.tar                         | 2023-11-14 11:41:39 | 1724271472883240962 | 11112      |
| 1724271346661027841 | pnetcdf-1.12.3-intelmpi2020.tar                         | 2023-11-14 11:41:39 | 1724271472883240962 | 11112      |
| 1724271348527493122 | pnetcdf-1.12.3-intelmpi2021.tar                         | 2023-11-14 11:41:40 | 1724271472883240962 | 11112      |
| 1724271349525737474 | scotch-7.0.1-hpcx.tar                                   | 2023-11-14 11:41:40 | 1724271476012191746 | 11112      |
| 1724271350582702081 | scotch-7.0.1-intelmpi2017.tar                           | 2023-11-14 11:41:40 | 1724271476012191746 | 11112      |
| 1724271351601917954 | scotch-7.0.1-intelmpi2018.tar                           | 2023-11-14 11:41:40 | 1724271476012191746 | 11112      |
| 1724271352675659777 | scotch-7.0.1-intelmpi2020.tar                           | 2023-11-14 11:41:41 | 1724271476012191746 | 11112      |
| 1724271353778761730 | scotch-7.0.1-intelmpi2021.tar                           | 2023-11-14 11:41:41 | 1724271476012191746 | 11112      |
| 1724271355972382722 | sparskit-2-intel2017_static.tar                         | 2023-11-14 11:41:41 | 1724271478725906433 | 11112      |
| 1724271357058707458 | sparskit-2-intel2018_static.tar                         | 2023-11-14 11:41:42 | 1724271478725906433 | 11112      |
| 1724271358090506241 | sparskit-2-intel2020_static.tar                         | 2023-11-14 11:41:42 | 1724271478725906433 | 11112      |
| 1724271359168442370 | sparskit-2-intel2021_static.tar                         | 2023-11-14 11:41:42 | 1724271478725906433 | 11112      |
| 1724271360208629761 | zlib-1.3-gcc731.tar                                     | 2023-11-14 11:41:42 | 1724271481645142017 | 11112      |
| 1724271361248817154 | zlib-1.3-intel2017.tar                                  | 2023-11-14 11:41:43 | 1724271481645142017 | 11112      |
| 1724271362314170370 | zlib-1.3-intel2018.tar                                  | 2023-11-14 11:41:43 | 1724271481645142017 | 11112      |
| 1724271363345969153 | zlib-1.3-intel2020.tar                                  | 2023-11-14 11:41:43 | 1724271481645142017 | 11112      |
| 1724271364465848321 | zlib-1.3-intel2021.tar                                  | 2023-11-14 11:41:43 | 1724271481645142017 | 11112      |
| 1724349665548984322 | faster-rcnn-dtk23.04.tar                                | 2023-11-14 16:52:52 | 1724349683222622210 | 11112      |
| 1724349666882772993 | mnist-1.0-dtk23.04.tar                                  | 2023-11-14 16:52:52 | 1724349686510956546 | 11112      |
| 1724402250704330753 | ncl-6.6.2-gcc4.8.5.tar                                  | 2023-11-14 20:21:49 | 1724402275415928834 | 11112      |
| 1724402251853570050 | ncl_ncarg-6.5.0-gcc_4.8.5.tar                           | 2023-11-14 20:21:49 | 1724402275415928834 | 11112      |
| 1724402254030413825 | nco-4.6.7-intel2017.tar                                 | 2023-11-14 20:21:50 | 1724402278528102402 | 11112      |
| 1724402255217401857 | nco-4.7.8-intel2017.tar                                 | 2023-11-14 20:21:50 | 1724402278528102402 | 11112      |
| 1724607468356345857 | hpcx-2.12.0-nfs3.2gcc7.3.1.tar.bz2                      | 2023-11-15 09:57:17 | 1724608619683164162 | 11112      |
| 1724617613043933186 | hpcx-2.12.0-nfs3.2gcc7.3.1.tar.bz2                      | 2023-11-15 10:37:35 | 1724617771499302913 | 11112      |
| 1724702940517474305 | lammps-7Aug2019-hpcx_gcc7.3.1.tar                       | 2023-11-15 16:16:39 | 1724703924327985154 | 11112      |
| 1724702942794981377 | lammps-15Jun2020-intelmpi2018.tar                       | 2023-11-15 16:16:40 | 1724703927515656194 | 11112      |
| 1724702943973580802 | lammps-18Feb2020-intelmpi2018.tar                       | 2023-11-15 16:16:40 | 1724703927515656194 | 11112      |
| 1724702945152180226 | lammps-18Sep2020-intelmpi2018.tar                       | 2023-11-15 16:16:40 | 1724703927515656194 | 11112      |
| 1724702946251087874 | lammps-19Mar2020-intelmpi2018.tar                       | 2023-11-15 16:16:40 | 1724703927515656194 | 11112      |
| 1724702947618430978 | lammps-21Jul2020-intelmpi2018.tar                       | 2023-11-15 16:16:41 | 1724703927515656194 | 11112      |
| 1724702949988212738 | lammps-22Oct2020-intelmpi2018.tar                       | 2023-11-15 16:16:41 | 1724703927515656194 | 11112      |
| 1724702951229726722 | lammps-24Aug2020-intelmpi2021.tar                       | 2023-11-15 16:16:42 | 1724703927515656194 | 11112      |
| 1724702952915836929 | lammps-24Dec2020-intelmpi2018.tar                       | 2023-11-15 16:16:42 | 1724703927515656194 | 11112      |
| 1724702954111213570 | lammps-24Jan2020-intelmpi2018.tar                       | 2023-11-15 16:16:42 | 1724703927515656194 | 11112      |
| 1724702955566637058 | lammps-27Feb2020-intelmpi2018.tar                       | 2023-11-15 16:16:43 | 1724703927515656194 | 11112      |
| 1724702956720070657 | lammps-29Oct2020-intelmpi2018.tar                       | 2023-11-15 16:16:43 | 1724703927515656194 | 11112      |
| 1724702957831561218 | lammps-2Jun2020-intelmpi2018.tar                        | 2023-11-15 16:16:43 | 1724703927515656194 | 11112      |
| 1724702959106629633 | lammps-30Jun2020-intelmpi2018.tar                       | 2023-11-15 16:16:44 | 1724703927515656194 | 11112      |
| 1724702960310394882 | lammps-30Nov2020-intelmpi2018.tar                       | 2023-11-15 16:16:44 | 1724703927515656194 | 11112      |
| 1724702961438662658 | lammps-3Mar2020-intelmpi2018.tar                        | 2023-11-15 16:16:44 | 1724703927515656194 | 11112      |
| 1724702962558541826 | lammps-4Feb2020-intelmpi2018.tar                        | 2023-11-15 16:16:44 | 1724703927515656194 | 11112      |
| 1724702963707781121 | lammps-5May2020-intelmpi2018.tar                        | 2023-11-15 16:16:45 | 1724703927515656194 | 11112      |
| 1724702964999626754 | lammps-9Jan2020-intelmpi2018.tar                        | 2023-11-15 16:16:45 | 1724703927515656194 | 11112      |
| 1724702966161448961 | lammps-9Oct2020-intelmpi2018.tar                        | 2023-11-15 16:16:45 | 1724703927515656194 | 11112      |
| 1724702968678031362 | lammps-15Jun2020-hpcx_gcc7.3.1.tar                      | 2023-11-15 16:16:46 | 1724703931168894977 | 11112      |
| 1724702969856630786 | lammps-18Feb2020-hpcx_gcc7.3.1.tar                      | 2023-11-15 16:16:46 | 1724703931168894977 | 11112      |
| 1724702971005870082 | lammps-18Sep2020-hpcx_gcc7.3.1.tar                      | 2023-11-15 16:16:46 | 1724703931168894977 | 11112      |
| 1724702972201246722 | lammps-19Mar2020-hpcx_gcc7.3.1.tar                      | 2023-11-15 16:16:47 | 1724703931168894977 | 11112      |
| 1724702973425983490 | lammps-21Jul2020-hpcx_gcc7.3.1.tar                      | 2023-11-15 16:16:47 | 1724703931168894977 | 11112      |
| 1724702974633943041 | lammps-22Oct2020-hpcx_gcc7.3.1.tar                      | 2023-11-15 16:16:47 | 1724703931168894977 | 11112      |
| 1724702975841902594 | lammps-24Aug2020-hpcx_gcc7.3.1.tar                      | 2023-11-15 16:16:48 | 1724703931168894977 | 11112      |
| 1724702976940810242 | lammps-24Dec2020-hpcx_gcc7.3.1.tar                      | 2023-11-15 16:16:48 | 1724703931168894977 | 11112      |
| 1724702978060689409 | lammps-24Jan2020-hpcx_gcc7.3.1.tar                      | 2023-11-15 16:16:48 | 1724703931168894977 | 11112      |
| 1724702979260260353 | lammps-27Feb2020-hpcx_gcc7.3.1.tar                      | 2023-11-15 16:16:48 | 1724703931168894977 | 11112      |
| 1724702980422082562 | lammps-29Oct2020-hpcx_gcc7.3.1.tar                      | 2023-11-15 16:16:49 | 1724703931168894977 | 11112      |
| 1724702981533573121 | lammps-2Jun2020-hpcx_gcc7.3.1.tar                       | 2023-11-15 16:16:49 | 1724703931168894977 | 11112      |
| 1724702982770892802 | lammps-30Jun2020-hpcx_gcc7.3.1.tar                      | 2023-11-15 16:16:49 | 1724703931168894977 | 11112      |
| 1724702983987240961 | lammps-30Nov2020-hpcx_gcc7.3.1.tar                      | 2023-11-15 16:16:49 | 1724703931168894977 | 11112      |
| 1724702985119703042 | lammps-3Mar2020-hpcx_gcc7.3.1.tar                       | 2023-11-15 16:16:50 | 1724703931168894977 | 11112      |
| 1724702986268942337 | lammps-4Feb2020-hpcx_gcc7.3.1.tar                       | 2023-11-15 16:16:50 | 1724703931168894977 | 11112      |
| 1724702987359461378 | lammps-5May2020-hpcx_gcc7.3.1.tar                       | 2023-11-15 16:16:50 | 1724703931168894977 | 11112      |
| 1724702988638724097 | lammps-9Jan2020-hpcx_gcc7.3.1.tar                       | 2023-11-15 16:16:51 | 1724703931168894977 | 11112      |
| 1724702989750214658 | lammps-9Oct2020-hpcx_gcc7.3.1.tar                       | 2023-11-15 16:16:51 | 1724703931168894977 | 11112      |
| 1724702992216465409 | lammps-10Mar2021-intelmpi2018.tar                       | 2023-11-15 16:16:51 | 1724703934453035009 | 11112      |
| 1724702993386676226 | lammps-20Sep2021-intelmpi2018.tar                       | 2023-11-15 16:16:52 | 1724703934453035009 | 11112      |
| 1724702994548498434 | lammps-27May2021-intelmpi2021.tar                       | 2023-11-15 16:16:52 | 1724703934453035009 | 11112      |
| 1724702995672571906 | lammps-27Oct2021-intelmpi2018.tar                       | 2023-11-15 16:16:52 | 1724703934453035009 | 11112      |
| 1724702996813422594 | lammps-28Jul2021-intelmpi2021.tar                       | 2023-11-15 16:16:53 | 1724703934453035009 | 11112      |
| 1724702997903941634 | lammps-29Sep2021-intelmpi2018.tar                       | 2023-11-15 16:16:53 | 1724703934453035009 | 11112      |
| 1724702999011237890 | lammps-2Jul2021-intelmpi2018.tar                        | 2023-11-15 16:16:53 | 1724703934453035009 | 11112      |
| 1724703000194031617 | lammps-30Jul2021-intelmpi2018.tar                       | 2023-11-15 16:16:53 | 1724703934453035009 | 11112      |
| 1724703001305522178 | lammps-31Aug2021-intelmpi2018.tar                       | 2023-11-15 16:16:54 | 1724703934453035009 | 11112      |
| 1724703002400235522 | lammps-8Apr2021-intelmpi2018.tar                        | 2023-11-15 16:16:54 | 1724703934453035009 | 11112      |
| 1724703004673548289 | lammps-10Mar2021-hpcx_gcc7.3.1.tar                      | 2023-11-15 16:16:54 | 1724703937548431362 | 11112      |
| 1724703005797621762 | lammps-14Dec2021-hpcx_gcc7.3.1.tar                      | 2023-11-15 16:16:55 | 1724703937548431362 | 11112      |
| 1724703006938472449 | lammps-20Sep2021-hpcx_gcc7.3.1.tar                      | 2023-11-15 16:16:55 | 1724703937548431362 | 11112      |
| 1724703008079323138 | lammps-27May2021-hpcx_gcc7.3.1.tar                      | 2023-11-15 16:16:55 | 1724703937548431362 | 11112      |
| 1724703009262116865 | lammps-27Oct2021-hpcx_gcc7.3.1.tar                      | 2023-11-15 16:16:55 | 1724703937548431362 | 11112      |
| 1724703010474270722 | lammps-28Jul2021-hpcx_gcc7.3.1.tar                      | 2023-11-15 16:16:56 | 1724703937548431362 | 11112      |
| 1724703011740950530 | lammps-29Sep2021-hpcx_gcc7.3.1.tar                      | 2023-11-15 16:16:56 | 1724703937548431362 | 11112      |
| 1724703012915355649 | lammps-2Jul2021-hpcx_gcc7.3.1.tar                       | 2023-11-15 16:16:56 | 1724703937548431362 | 11112      |
| 1724703014077177858 | lammps-30Jul2021-hpcx_gcc7.3.1.tar                      | 2023-11-15 16:16:57 | 1724703937548431362 | 11112      |
| 1724703015310303233 | lammps-31Aug2021-hpcx_gcc7.3.1.tar                      | 2023-11-15 16:16:57 | 1724703937548431362 | 11112      |
| 1724703016547622914 | lammps-8Apr2021-hpcx_gcc7.3.1.tar                       | 2023-11-15 16:16:57 | 1724703937548431362 | 11112      |
| 1724703019047428097 | lammps-17Feb2022-intelmpi2018.tar                       | 2023-11-15 16:16:58 | 1724703940954206209 | 11112      |
| 1724703020309913602 | lammps-22Dec2022-intelmpi2018.tar                       | 2023-11-15 16:16:58 | 1724703940954206209 | 11112      |
| 1724703021501095937 | lammps-23Jun2022-intelmpi2018.tar                       | 2023-11-15 16:16:58 | 1724703940954206209 | 11112      |
| 1724703022616780802 | lammps-24Mar2022-intelmpi2018.tar                       | 2023-11-15 16:16:59 | 1724703940954206209 | 11112      |
| 1724703024399360002 | lammps-2Jun2022-intelmpi2018.tar                        | 2023-11-15 16:16:59 | 1724703940954206209 | 11112      |
| 1724703025657651201 | lammps-3Aug2022-intelmpi2021.tar                        | 2023-11-15 16:16:59 | 1724703940954206209 | 11112      |
| 1724703026802696194 | lammps-3Nov2022-intelmpi2018.tar                        | 2023-11-15 16:17:00 | 1724703940954206209 | 11112      |
| 1724703027893215234 | lammps-4May2022-intelmpi2018.tar                        | 2023-11-15 16:17:00 | 1724703940954206209 | 11112      |
| 1724703029197643777 | lammps-7Jan2022-intelmpi2021.tar                        | 2023-11-15 16:17:00 | 1724703940954206209 | 11112      |
| 1724703031684866049 | lammps-17Feb2022-hpcx_gcc7.3.1.tar                      | 2023-11-15 16:17:01 | 1724703944137682945 | 11112      |
| 1724703032997683201 | lammps-22Dec2022-hpcx_gcc7.3.1.tar                      | 2023-11-15 16:17:01 | 1724703944137682945 | 11112      |
| 1724703034146922497 | lammps-23Jun2022-hpcx_gcc7.3.1.tar                      | 2023-11-15 16:17:01 | 1724703944137682945 | 11112      |
| 1724703035262607362 | lammps-24Mar2022-hpcx_gcc7.3.1.tar                      | 2023-11-15 16:17:02 | 1724703944137682945 | 11112      |
| 1724703036457984001 | lammps-2Jun2022-hpcx_gcc7.3.1.tar                       | 2023-11-15 16:17:02 | 1724703944137682945 | 11112      |
| 1724703037624000513 | lammps-3Aug2022-hpcx_gcc7.3.1.tar                       | 2023-11-15 16:17:02 | 1724703944137682945 | 11112      |
| 1724703038945206273 | lammps-3Nov2022-hpcx_gcc7.3.1.tar                       | 2023-11-15 16:17:03 | 1724703944137682945 | 11112      |
| 1724703040195108866 | lammps-4May2022-hpcx_gcc7.3.1.tar                       | 2023-11-15 16:17:03 | 1724703944137682945 | 11112      |
| 1724703041432428545 | lammps-7Jan2022-hpcx_gcc7.3.1.tar                       | 2023-11-15 16:17:03 | 1724703944137682945 | 11112      |
| 1724703043999342594 | lammps-28Mar2023-intelmpi2018.tar                       | 2023-11-15 16:17:04 | 1724703947182747649 | 11112      |
| 1724703045286993922 | lammps-2Aug2023-intelmpi2018.tar                        | 2023-11-15 16:17:04 | 1724703947182747649 | 11112      |
| 1724703046620782593 | lammps-8Feb2023-intelmpi2021.tar                        | 2023-11-15 16:17:04 | 1724703947182747649 | 11112      |
| 1724703049082839042 | lammps-28Mar2023-hpcx_gcc7.3.1.tar                      | 2023-11-15 16:17:05 | 1724703950009708545 | 11112      |
| 1724703050299187201 | lammps-2Aug2023-hpcx_gcc7.3.1.tar                       | 2023-11-15 16:17:05 | 1724703950009708545 | 11112      |
| 1724703051532312578 | lammps-8Feb2023-hpcx_gcc7.3.1.tar                       | 2023-11-15 16:17:06 | 1724703950009708545 | 11112      |
| 1724703054292164610 | gromacs-2019.6-hpcx_gcc7.3.1.tar                        | 2023-11-15 16:17:06 | 1724703953147047937 | 11112      |
| 1724703056724860930 | gromacs-2021.2-gcc7.3.1_intelmpi21.tar                  | 2023-11-15 16:17:07 | 1724703956250832898 | 11112      |
| 1724703058004123650 | gromacs-2021.3-gcc7.3.1_intelmpi21.tar                  | 2023-11-15 16:17:07 | 1724703956250832898 | 11112      |
| 1724703059136585729 | gromacs-2021.4-gcc7.3.1_intelmpi21.tar                  | 2023-11-15 16:17:07 | 1724703956250832898 | 11112      |
| 1724703060415848450 | gromacs-2021.5-gcc7.3.1_intelmpi21.tar                  | 2023-11-15 16:17:08 | 1724703956250832898 | 11112      |
| 1724703061686722561 | gromacs-2021.6-gcc7.3.1_intelmpi21.tar                  | 2023-11-15 16:17:08 | 1724703956250832898 | 11112      |
| 1724703062932430849 | gromacs-2021.7-gcc7.3.1_intelmpi21.tar                  | 2023-11-15 16:17:08 | 1724703956250832898 | 11112      |
| 1724703064115224577 | gromacs-2021-gcc7.3.1_intelmpi21.tar                    | 2023-11-15 16:17:09 | 1724703956250832898 | 11112      |
| 1724703065306406914 | gromacs-2021.1-hpcx_gcc7.3.1.tar                        | 2023-11-15 16:17:09 | 1724703956250832898 | 11112      |
| 1724703066468229121 | gromacs-2021.2-hpcx_gcc7.3.1.tar                        | 2023-11-15 16:17:09 | 1724703956250832898 | 11112      |
| 1724703067634245634 | gromacs-2021.3-hpcx_gcc7.3.1.tar                        | 2023-11-15 16:17:09 | 1724703956250832898 | 11112      |
| 1724703068737347585 | gromacs-2021.4-hpcx_gcc7.3.1.tar                        | 2023-11-15 16:17:10 | 1724703956250832898 | 11112      |
| 1724703069953695746 | gromacs-2021.5-hpcx_gcc7.3.1.tar                        | 2023-11-15 16:17:10 | 1724703956250832898 | 11112      |
| 1724703071140683778 | gromacs-2021.6-hpcx_gcc7.3.1.tar                        | 2023-11-15 16:17:10 | 1724703956250832898 | 11112      |
| 1724703072273145857 | gromacs-2021.7-hpcx_gcc7.3.1.tar                        | 2023-11-15 16:17:11 | 1724703956250832898 | 11112      |
| 1724703074546458626 | gromacs-2022.2-hpcx_gcc7.3.1.tar                        | 2023-11-15 16:17:11 | 1724703961313357825 | 11112      |
| 1724703075620200450 | gromacs-2022.3-hpcx_gcc7.3.1.tar                        | 2023-11-15 16:17:11 | 1724703961313357825 | 11112      |
| 1724703076773634050 | gromacs-2022.4-hpcx_gcc7.3.1.tar                        | 2023-11-15 16:17:12 | 1724703961313357825 | 11112      |
| 1724703077864153089 | gromacs-2022.5-hpcx_gcc7.3.1.tar                        | 2023-11-15 16:17:12 | 1724703961313357825 | 11112      |
| 1724703078992420866 | gromacs-2022-hpcx_gcc7.3.1.tar                          | 2023-11-15 16:17:12 | 1724703961313357825 | 11112      |
| 1724707657570164737 | lammps-24dec2020-hpcx_gcc_7.3.1_dtk21.10.tar            | 2023-11-15 16:35:24 | 1724707675499573250 | 11112      |
| 1724707658920730625 | lammps-23jun2022-hpcx_gcc_7.3.1_dtk22.04.tar            | 2023-11-15 16:35:24 | 1724707678280396801 | 11112      |
| 1724707660002861057 | lammps-23jun2022-hpcx_gcc_7.3.1_dtk22.10.tar            | 2023-11-15 16:35:24 | 1724707678280396801 | 11112      |
| 1724707661118545922 | gromacs-2019-gcc_9.3.0_dtk23.04.tar                     | 2023-11-15 16:35:25 | 1724707680918614017 | 11112      |
| 1724707662175510530 | gromacs-2020.3-hpcx_gcc_7.3.1_dtk21.04.tar              | 2023-11-15 16:35:25 | 1724707683414224898 | 11112      |
| 1724765448544559105 | bowtie2-2.3.5.1-none.tar                                | 2023-11-15 20:25:02 | 1724765622061674498 | 11112      |
| 1724765449672826882 | bowtie2-2.4.4-none.tar                                  | 2023-11-15 20:25:02 | 1724765622061674498 | 11112      |
| 1724765451627372546 | bowtie2-2.5.1-none.tar                                  | 2023-11-15 20:25:03 | 1724765622061674498 | 11112      |
| 1724765452852109313 | crest-2.12-none.tar                                     | 2023-11-15 20:25:03 | 1724765626553774081 | 11112      |
| 1724765453951016961 | ctk-1.1.4-none.tar                                      | 2023-11-15 20:25:03 | 1724765629129076738 | 11112      |
| 1724765455049924609 | diamond-2.1.8-none.tar                                  | 2023-11-15 20:25:04 | 1724765631695990786 | 11112      |
| 1724765456291438594 | fastp-0.19.10-gcc731.tar                                | 2023-11-15 20:25:04 | 1724765634334208002 | 11112      |
| 1724765457453260802 | fastphase-1.4.8-none.tar                                | 2023-11-15 20:25:04 | 1724765636926287874 | 11112      |
| 1724765458585722882 | fastq_multx-1.03-gcc731.tar                             | 2023-11-15 20:25:05 | 1724765639543533570 | 11112      |
| 1724765459764322305 | fasttree-2.1.11-gcc731.tar                              | 2023-11-15 20:25:05 | 1724765642240471042 | 11112      |
| 1724765460951310338 | fastx_toolkit-0.0.14-gcc485.tar                         | 2023-11-15 20:25:05 | 1724765644849328130 | 11112      |
| 1724765462792609793 | featurecounts-2.0.6-gcc731.tar                          | 2023-11-15 20:25:06 | 1724765647453990913 | 11112      |
| 1724765463950237698 | flash-1.2.11-gcc731.tar                                 | 2023-11-15 20:25:06 | 1724765650088013825 | 11112      |
| 1724765466173218818 | genetack_gt-1.00-gcc731.tar                             | 2023-11-15 20:25:06 | 1724765652776562690 | 11112      |
| 1724765467465064449 | genometools-1.6.2-gcc731.tar                            | 2023-11-15 20:25:07 | 1724765655452528642 | 11112      |
| 1724765468538806273 | glimmer-3.02b-gcc731.tar                                | 2023-11-15 20:25:07 | 1724765658271100929 | 11112      |
| 1724765469688045569 | glimmerhmm-3.0.4-gcc731.tar                             | 2023-11-15 20:25:07 | 1724765660833820673 | 11112      |
| 1724765470807924737 | gmap_gsnap-20230720-gcc731.tar                          | 2023-11-15 20:25:07 | 1724765663526563842 | 11112      |
| 1724765471915220994 | hlaminer-1.4-none.tar                                   | 2023-11-15 20:25:08 | 1724765665963454465 | 11112      |
| 1724765474490523650 | bowtie2-2.4.5-none.tar                                  | 2023-11-15 20:25:08 | 1724765622061674498 | 11112      |
| 1724765475585236993 | lastz-1.03.73-none.tar                                  | 2023-11-15 20:25:09 | 1724765668496814082 | 11112      |
| 1724765476713504769 | lastz-1.04.15-none.tar                                  | 2023-11-15 20:25:09 | 1724765668496814082 | 11112      |
| 1724765478651273218 | manta-1.6.0-none.tar                                    | 2023-11-15 20:25:09 | 1724765671109865474 | 11112      |
| 1724765479787929602 | minimap2-2.24-none.tar                                  | 2023-11-15 20:25:10 | 1724765673727111169 | 11112      |
| 1724765480840699906 | mummer-4.0.0-none.tar                                   | 2023-11-15 20:25:10 | 1724765677648785409 | 11112      |
| 1724765483789295618 | picard-2.21.8-none.tar                                  | 2023-11-15 20:25:11 | 1724765681666928642 | 11112      |
| 1724765484900786177 | sambamba-0.7.1-none.tar                                 | 2023-11-15 20:25:11 | 1724765684246425602 | 11112      |
| 1724765486033248258 | sambamba-0.8.1-none.tar                                 | 2023-11-15 20:25:11 | 1724765684246425602 | 11112      |
| 1724765487220236289 | samblaster-0.1.26-none.tar                              | 2023-11-15 20:25:11 | 1724765686880448514 | 11112      |
| 1724765488302366721 | samtools-1.15.1-none.tar                                | 2023-11-15 20:25:12 | 1724765689527054337 | 11112      |
| 1724765489418051586 | samtools-1.3.1-none.tar                                 | 2023-11-15 20:25:12 | 1724765689527054337 | 11112      |
| 1724765490613428225 | samtools-1.9-none.tar                                   | 2023-11-15 20:25:12 | 1724765689527054337 | 11112      |
| 1724765491737501698 | trf-4.09-none.tar                                       | 2023-11-15 20:25:12 | 1724765692253351938 | 11112      |
| 1724765492882546689 | trimal-1.4.1-none.tar                                   | 2023-11-15 20:25:13 | 1724765694937706498 | 11112      |
| 1724765493968871425 | trimmomatic-0.38-none.tar                               | 2023-11-15 20:25:13 | 1724765697538174978 | 11112      |
| 1724765495067779073 | trimmomatic-0.39-none.tar                               | 2023-11-15 20:25:13 | 1724765697538174978 | 11112      |
| 1724765496200241154 | trinityrnaseq-v2.14.0-none.tar                          | 2023-11-15 20:25:14 | 1724765700117671937 | 11112      |
| 1724765497294954498 | unimap-0.1-none.tar                                     | 2023-11-15 20:25:14 | 1724765702802026497 | 11112      |
| 1724773133021192193 | hfss-2021r1-none.tar                                    | 2023-11-15 20:55:34 | 1724773137981812737 | 11112      |
| 1724773135231590402 | starccmplus-17.06.007-none.tar                          | 2023-11-15 20:55:35 | 1724773152217280513 | 11112      |
| 1726936183765573634 | openfoam-11-gcc930.tar                                  | 2023-11-21 20:10:46 | 1726936539344842753 | 11112      |
| 1726936184847704065 | openfoam-7-intel2021.tar                                | 2023-11-21 20:10:46 | 1726936539344842753 | 11112      |
| 1726936186978410498 | abaqus-2020-none.tar                                    | 2023-11-21 20:10:47 | 1726936544705163266 | 11112      |
| 1726936188010209281 | cfx-19.2-none.tar                                       | 2023-11-21 20:10:47 | 1726936547582455810 | 11112      |
| 1726936189461438465 | cfx-2020r2-none.tar                                     | 2023-11-21 20:10:47 | 1726936547582455810 | 11112      |
| 1726936190476460034 | cfx-2021r1-none.tar                                     | 2023-11-21 20:10:47 | 1726936547582455810 | 11112      |
| 1726936191462121473 | cfx-2022r1-none.tar                                     | 2023-11-21 20:10:48 | 1726936547582455810 | 11112      |
| 1726936193454415873 | fluent-2020r2-none.tar                                  | 2023-11-21 20:10:48 | 1726936550149369857 | 11112      |
| 1726936194536546305 | fluent-2021r1-none.tar                                  | 2023-11-21 20:10:48 | 1726936550149369857 | 11112      |
| 1726936195559956481 | fluent-2022r1-none.tar                                  | 2023-11-21 20:10:49 | 1726936550149369857 | 11112      |
| 1726936196570783746 | mechanical-19.2-none.tar                                | 2023-11-21 20:10:49 | 1726936552556900354 | 11112      |
| 1726936197606776834 | mechanical-2020r2-none.tar                              | 2023-11-21 20:10:49 | 1726936552556900354 | 11112      |
| 1726936198609215490 | mechanical-2021r1-none.tar                              | 2023-11-21 20:10:49 | 1726936552556900354 | 11112      |
| 1726936199603265538 | mechanical-2022r1-none.tar                              | 2023-11-21 20:10:50 | 1726936552556900354 | 11112      |
| 1726936200656035842 | hcephes-0.4.1-gcc731.tar                                | 2023-11-21 20:10:50 | 1726936555216089090 | 11112      |
| 1726936201796886530 | hcephes-0.4.1-intel2017.tar                             | 2023-11-21 20:10:50 | 1726936555216089090 | 11112      |
| 1726936202832879618 | hcephes-0.4.1-intel2018.tar                             | 2023-11-21 20:10:50 | 1726936555216089090 | 11112      |
| 1726936203835318274 | hcephes-0.4.1-intel2020.tar                             | 2023-11-21 20:10:51 | 1726936555216089090 | 11112      |
| 1726936204837756929 | hcephes-0.4.1-intel2021.tar                             | 2023-11-21 20:10:51 | 1726936555216089090 | 11112      |
| 1726936206855217154 | ioapi-3.2-intelmpi2017_static.tar                       | 2023-11-21 20:10:51 | 1726936557795586050 | 11112      |
| 1726936207853461505 | ioapi-3.2-intelmpi2018_static.tar                       | 2023-11-21 20:10:52 | 1726936557795586050 | 11112      |
| 1726936208801374209 | ioapi-3.2-intelmpi2020_static.tar                       | 2023-11-21 20:10:52 | 1726936557795586050 | 11112      |
| 1726936209791229954 | ioapi-3.2-intelmpi2021_static.tar                       | 2023-11-21 20:10:52 | 1726936557795586050 | 11112      |
| 1726936211745775617 | jpeg-9e-intel2017.tar                                   | 2023-11-21 20:10:52 | 1726936560383471617 | 11112      |
| 1726936212739825665 | jpeg-9e-intel2018.tar                                   | 2023-11-21 20:10:53 | 1726936560383471617 | 11112      |
| 1726936213670961154 | jpeg-9e-intel2020.tar                                   | 2023-11-21 20:10:53 | 1726936560383471617 | 11112      |
| 1726936214660816897 | jpeg-9e-intel2021.tar                                   | 2023-11-21 20:10:53 | 1726936560383471617 | 11112      |
| 1726936215701004289 | lapack-3.11-gcc731.tar                                  | 2023-11-21 20:10:53 | 1726936563013300225 | 11112      |
| 1726936216850243586 | leptonica-1.83.1-gcc731.tar                             | 2023-11-21 20:10:54 | 1726936565525688322 | 11112      |
| 1726936217961734145 | leptonica-1.83.1-intel2017.tar                          | 2023-11-21 20:10:54 | 1726936565525688322 | 11112      |
| 1726936219249385473 | leptonica-1.83.1-intel2018.tar                          | 2023-11-21 20:10:54 | 1726936565525688322 | 11112      |
| 1726936220251824130 | leptonica-1.83.1-intel2020.tar                          | 2023-11-21 20:10:54 | 1726936565525688322 | 11112      |
| 1726936221237485569 | leptonica-1.83.1-intel2021.tar                          | 2023-11-21 20:10:55 | 1726936565525688322 | 11112      |
| 1726936222323810305 | nlopt-2.7.0-gcc731.tar                                  | 2023-11-21 20:10:55 | 1726936568268763138 | 11112      |
| 1726936223334637569 | nlopt-2.7.0-intel2017.tar                               | 2023-11-21 20:10:55 | 1726936568268763138 | 11112      |
| 1726936224311910402 | nlopt-2.7.0-intel2018.tar                               | 2023-11-21 20:10:55 | 1726936568268763138 | 11112      |
| 1726936225284988930 | nlopt-2.7.0-intel2020.tar                               | 2023-11-21 20:10:56 | 1726936568268763138 | 11112      |
| 1726936226253873154 | nlopt-2.7.0-intel2021.tar                               | 2023-11-21 20:10:56 | 1726936568268763138 | 11112      |
| 1726936227256311809 | petsc-3.19.5-hpcx.tar                                   | 2023-11-21 20:10:56 | 1726936570751791106 | 11112      |
| 1726936228267139073 | petsc-3.19.5-intelmpi2020.tar                           | 2023-11-21 20:10:56 | 1726936570751791106 | 11112      |
| 1726936229256994818 | petsc-3.19.5-intelmpi2021.tar                           | 2023-11-21 20:10:57 | 1726936570751791106 | 11112      |
| 1726936230238461954 | pnetcdf-1.12.3-hpcx.tar                                 | 2023-11-21 20:10:57 | 1726936573297733633 | 11112      |
| 1726936231253483521 | pnetcdf-1.12.3-intelmpi2017.tar                         | 2023-11-21 20:10:57 | 1726936573297733633 | 11112      |
| 1726936232230756354 | pnetcdf-1.12.3-intelmpi2018.tar                         | 2023-11-21 20:10:57 | 1726936573297733633 | 11112      |
| 1726936233216417794 | pnetcdf-1.12.3-intelmpi2020.tar                         | 2023-11-21 20:10:58 | 1726936573297733633 | 11112      |
| 1726936234176913409 | pnetcdf-1.12.3-intelmpi2021.tar                         | 2023-11-21 20:10:58 | 1726936573297733633 | 11112      |
| 1726936235179352066 | scotch-7.0.1-hpcx.tar                                   | 2023-11-21 20:10:58 | 1726936575831093249 | 11112      |
| 1726936236156624897 | scotch-7.0.1-intelmpi2017.tar                           | 2023-11-21 20:10:58 | 1726936575831093249 | 11112      |
| 1726936237133897729 | scotch-7.0.1-intelmpi2018.tar                           | 2023-11-21 20:10:59 | 1726936575831093249 | 11112      |
| 1726936238111170561 | scotch-7.0.1-intelmpi2020.tar                           | 2023-11-21 20:10:59 | 1726936575831093249 | 11112      |
| 1726936239054888961 | scotch-7.0.1-intelmpi2021.tar                           | 2023-11-21 20:10:59 | 1726936575831093249 | 11112      |
| 1726936240032161794 | sparskit-2-gcc731_static.tar                            | 2023-11-21 20:10:59 | 1726936578393812993 | 11112      |
| 1726936241131069442 | sparskit-2-intel2017_static.tar                         | 2023-11-21 20:10:59 | 1726936578393812993 | 11112      |
| 1726936242104147969 | sparskit-2-intel2018_static.tar                         | 2023-11-21 20:11:00 | 1726936578393812993 | 11112      |
| 1726936243114975233 | sparskit-2-intel2020_static.tar                         | 2023-11-21 20:11:00 | 1726936578393812993 | 11112      |
| 1726936244167745537 | sparskit-2-intel2021_static.tar                         | 2023-11-21 20:11:00 | 1726936578393812993 | 11112      |
| 1726936245153406978 | zlib-1.3-gcc731.tar                                     | 2023-11-21 20:11:00 | 1726936580943949826 | 11112      |
| 1726936246109708290 | zlib-1.3-intel2017.tar                                  | 2023-11-21 20:11:01 | 1726936580943949826 | 11112      |
| 1726936247086981121 | zlib-1.3-intel2018.tar                                  | 2023-11-21 20:11:01 | 1726936580943949826 | 11112      |
| 1726936248060059649 | zlib-1.3-intel2020.tar                                  | 2023-11-21 20:11:01 | 1726936580943949826 | 11112      |
| 1726936249045721090 | zlib-1.3-intel2021.tar                                  | 2023-11-21 20:11:01 | 1726936580943949826 | 11112      |
| 1726936250002022402 | lammps-5Jun2019-hpcx_gcc7.3.1.tar                       | 2023-11-21 20:11:02 | 1726936583523446786 | 11112      |
| 1726936250983489537 | lammps-7Aug2019-hpcx_gcc7.3.1.tar                       | 2023-11-21 20:11:02 | 1726936583523446786 | 11112      |
| 1726936251943985153 | lammps-15Apr2020-intelmpi2018.tar                       | 2023-11-21 20:11:02 | 1726936586052612098 | 11112      |
| 1726936252929646594 | lammps-15Jun2020-intelmpi2018.tar                       | 2023-11-21 20:11:02 | 1726936586052612098 | 11112      |
| 1726936253885947906 | lammps-18Feb2020-intelmpi2018.tar                       | 2023-11-21 20:11:03 | 1726936586052612098 | 11112      |
| 1726936254879997954 | lammps-18Sep2020-intelmpi2018.tar                       | 2023-11-21 20:11:03 | 1726936586052612098 | 11112      |
| 1726936255874048002 | lammps-19Mar2020-intelmpi2018.tar                       | 2023-11-21 20:11:03 | 1726936586052612098 | 11112      |
| 1726936256897458178 | lammps-21Jul2020-intelmpi2018.tar                       | 2023-11-21 20:11:03 | 1726936586052612098 | 11112      |
| 1726936257916674049 | lammps-22Oct2020-intelmpi2018.tar                       | 2023-11-21 20:11:03 | 1726936586052612098 | 11112      |
| 1726936258940084225 | lammps-24Aug2020-intelmpi2021.tar                       | 2023-11-21 20:11:04 | 1726936586052612098 | 11112      |
| 1726936260282261505 | lammps-24Dec2020-intelmpi2018.tar                       | 2023-11-21 20:11:04 | 1726936586052612098 | 11112      |
| 1726936261305671682 | lammps-24Jan2020-intelmpi2018.tar                       | 2023-11-21 20:11:04 | 1726936586052612098 | 11112      |
| 1726936262320693249 | lammps-27Feb2020-intelmpi2018.tar                       | 2023-11-21 20:11:05 | 1726936586052612098 | 11112      |
| 1726936263369269250 | lammps-29Oct2020-intelmpi2018.tar                       | 2023-11-21 20:11:05 | 1726936586052612098 | 11112      |
| 1726936264396873729 | lammps-2Jun2020-intelmpi2018.tar                        | 2023-11-21 20:11:05 | 1726936586052612098 | 11112      |
| 1726936265453838338 | lammps-30Jun2020-intelmpi2018.tar                       | 2023-11-21 20:11:05 | 1726936586052612098 | 11112      |
| 1726936266431111170 | lammps-30Nov2020-intelmpi2018.tar                       | 2023-11-21 20:11:05 | 1726936586052612098 | 11112      |
| 1726936267504852993 | lammps-3Mar2020-intelmpi2018.tar                        | 2023-11-21 20:11:06 | 1726936586052612098 | 11112      |
| 1726936268729589761 | lammps-4Feb2020-intelmpi2018.tar                        | 2023-11-21 20:11:06 | 1726936586052612098 | 11112      |
| 1726936269836886017 | lammps-5May2020-intelmpi2018.tar                        | 2023-11-21 20:11:06 | 1726936586052612098 | 11112      |
| 1726936270902239233 | lammps-9Jan2020-intelmpi2018.tar                        | 2023-11-21 20:11:07 | 1726936586052612098 | 11112      |
| 1726936271963398146 | lammps-9Oct2020-intelmpi2018.tar                        | 2023-11-21 20:11:07 | 1726936586052612098 | 11112      |
| 1726936273066500097 | lammps-15Apr2020-hpcx_gcc7.3.1.tar                      | 2023-11-21 20:11:07 | 1726936588917321730 | 11112      |
| 1726936274177990658 | lammps-15Jun2020-hpcx_gcc7.3.1.tar                      | 2023-11-21 20:11:07 | 1726936588917321730 | 11112      |
| 1726936275213983745 | lammps-18Feb2020-hpcx_gcc7.3.1.tar                      | 2023-11-21 20:11:08 | 1726936588917321730 | 11112      |
| 1726936276287725570 | lammps-18Sep2020-hpcx_gcc7.3.1.tar                      | 2023-11-21 20:11:08 | 1726936588917321730 | 11112      |
| 1726936277260804097 | lammps-19Mar2020-hpcx_gcc7.3.1.tar                      | 2023-11-21 20:11:08 | 1726936588917321730 | 11112      |
| 1726936278313574401 | lammps-21Jul2020-hpcx_gcc7.3.1.tar                      | 2023-11-21 20:11:08 | 1726936588917321730 | 11112      |
| 1726936279546699778 | lammps-22Oct2020-hpcx_gcc7.3.1.tar                      | 2023-11-21 20:11:09 | 1726936588917321730 | 11112      |
| 1726936280528166914 | lammps-24Aug2020-hpcx_gcc7.3.1.tar                      | 2023-11-21 20:11:09 | 1726936588917321730 | 11112      |
| 1726936281526411265 | lammps-24Dec2020-hpcx_gcc7.3.1.tar                      | 2023-11-21 20:11:09 | 1726936588917321730 | 11112      |
| 1726936282528849922 | lammps-24Jan2020-hpcx_gcc7.3.1.tar                      | 2023-11-21 20:11:09 | 1726936588917321730 | 11112      |
| 1726936283497734145 | lammps-27Feb2020-hpcx_gcc7.3.1.tar                      | 2023-11-21 20:11:10 | 1726936588917321730 | 11112      |
| 1726936284672139266 | lammps-29Oct2020-hpcx_gcc7.3.1.tar                      | 2023-11-21 20:11:10 | 1726936588917321730 | 11112      |
| 1726936285682966530 | lammps-2Jun2020-hpcx_gcc7.3.1.tar                       | 2023-11-21 20:11:10 | 1726936588917321730 | 11112      |
| 1726936286693793794 | lammps-30Jun2020-hpcx_gcc7.3.1.tar                      | 2023-11-21 20:11:10 | 1726936588917321730 | 11112      |
| 1726936287725592578 | lammps-30Nov2020-hpcx_gcc7.3.1.tar                      | 2023-11-21 20:11:11 | 1726936588917321730 | 11112      |
| 1726936288749002754 | lammps-3Mar2020-hpcx_gcc7.3.1.tar                       | 2023-11-21 20:11:11 | 1726936588917321730 | 11112      |
| 1726936289738858498 | lammps-4Feb2020-hpcx_gcc7.3.1.tar                       | 2023-11-21 20:11:11 | 1726936588917321730 | 11112      |
| 1726936290728714241 | lammps-5May2020-hpcx_gcc7.3.1.tar                       | 2023-11-21 20:11:11 | 1726936588917321730 | 11112      |
| 1726936291718569986 | lammps-9Jan2020-hpcx_gcc7.3.1.tar                       | 2023-11-21 20:11:12 | 1726936588917321730 | 11112      |
| 1726936292653899778 | lammps-9Oct2020-hpcx_gcc7.3.1.tar                       | 2023-11-21 20:11:12 | 1726936588917321730 | 11112      |
| 1726936293677309953 | lammps-10Feb2021-intelmpi2018.tar                       | 2023-11-21 20:11:12 | 1726936592704778242 | 11112      |
| 1726936294667165697 | lammps-10Mar2021-intelmpi2018.tar                       | 2023-11-21 20:11:12 | 1726936592704778242 | 11112      |
| 1726936295657021441 | lammps-20Sep2021-intelmpi2018.tar                       | 2023-11-21 20:11:12 | 1726936592704778242 | 11112      |
| 1726936296659460097 | lammps-27May2021-intelmpi2021.tar                       | 2023-11-21 20:11:13 | 1726936592704778242 | 11112      |
| 1726936297682870274 | lammps-27Oct2021-intelmpi2018.tar                       | 2023-11-21 20:11:13 | 1726936592704778242 | 11112      |
| 1726936298744029185 | lammps-28Jul2021-intelmpi2021.tar                       | 2023-11-21 20:11:13 | 1726936592704778242 | 11112      |
| 1726936299792605185 | lammps-29Sep2021-intelmpi2018.tar                       | 2023-11-21 20:11:13 | 1726936592704778242 | 11112      |
| 1726936300761489410 | lammps-2Jul2021-intelmpi2018.tar                        | 2023-11-21 20:11:14 | 1726936592704778242 | 11112      |
| 1726936301793288193 | lammps-30Jul2021-intelmpi2018.tar                       | 2023-11-21 20:11:14 | 1726936592704778242 | 11112      |
| 1726936302820892674 | lammps-31Aug2021-intelmpi2018.tar                       | 2023-11-21 20:11:14 | 1726936592704778242 | 11112      |
| 1726936303814942721 | lammps-8Apr2021-intelmpi2018.tar                        | 2023-11-21 20:11:14 | 1726936592704778242 | 11112      |
| 1726936304846741505 | lammps-10Feb2021-hpcx_gcc7.3.1.tar                      | 2023-11-21 20:11:15 | 1726936596060221442 | 11112      |
| 1726936305865957378 | lammps-10Mar2021-hpcx_gcc7.3.1.tar                      | 2023-11-21 20:11:15 | 1726936596060221442 | 11112      |
| 1726936306880978945 | lammps-14Dec2021-hpcx_gcc7.3.1.tar                      | 2023-11-21 20:11:15 | 1726936596060221442 | 11112      |
| 1726936307921166338 | lammps-20Sep2021-hpcx_gcc7.3.1.tar                      | 2023-11-21 20:11:15 | 1726936596060221442 | 11112      |
| 1726936308919410690 | lammps-27May2021-hpcx_gcc7.3.1.tar                      | 2023-11-21 20:11:16 | 1726936596060221442 | 11112      |
| 1726936310114787329 | lammps-27Oct2021-hpcx_gcc7.3.1.tar                      | 2023-11-21 20:11:16 | 1726936596060221442 | 11112      |
| 1726936311188529154 | lammps-28Jul2021-hpcx_gcc7.3.1.tar                      | 2023-11-21 20:11:16 | 1726936596060221442 | 11112      |
| 1726936312258076674 | lammps-29Sep2021-hpcx_gcc7.3.1.tar                      | 2023-11-21 20:11:16 | 1726936596060221442 | 11112      |
| 1726936313268903937 | lammps-2Jul2021-hpcx_gcc7.3.1.tar                       | 2023-11-21 20:11:17 | 1726936596060221442 | 11112      |
| 1726936314288119810 | lammps-30Jul2021-hpcx_gcc7.3.1.tar                      | 2023-11-21 20:11:17 | 1726936596060221442 | 11112      |
| 1726936315391221761 | lammps-31Aug2021-hpcx_gcc7.3.1.tar                      | 2023-11-21 20:11:17 | 1726936596060221442 | 11112      |
| 1726936316406243330 | lammps-8Apr2021-hpcx_gcc7.3.1.tar                       | 2023-11-21 20:11:17 | 1726936596060221442 | 11112      |
| 1726936317404487681 | lammps-15Sep2022-intelmpi2021.tar                       | 2023-11-21 20:11:18 | 1726936599218532354 | 11112      |
| 1726936318402732034 | lammps-17Feb2022-intelmpi2018.tar                       | 2023-11-21 20:11:18 | 1726936599218532354 | 11112      |
| 1726936319438725121 | lammps-22Dec2022-intelmpi2018.tar                       | 2023-11-21 20:11:18 | 1726936599218532354 | 11112      |
| 1726936320520855554 | lammps-23Jun2022-intelmpi2018.tar                       | 2023-11-21 20:11:18 | 1726936599218532354 | 11112      |
| 1726936322085330946 | lammps-24Mar2022-intelmpi2018.tar                       | 2023-11-21 20:11:19 | 1726936599218532354 | 11112      |
| 1726936323385565186 | lammps-2Jun2022-intelmpi2018.tar                        | 2023-11-21 20:11:19 | 1726936599218532354 | 11112      |
| 1726936324333477890 | lammps-3Aug2022-intelmpi2021.tar                        | 2023-11-21 20:11:19 | 1726936599218532354 | 11112      |
| 1726936325323333633 | lammps-3Nov2022-intelmpi2018.tar                        | 2023-11-21 20:11:20 | 1726936599218532354 | 11112      |
| 1726936326300606466 | lammps-4May2022-intelmpi2018.tar                        | 2023-11-21 20:11:20 | 1726936599218532354 | 11112      |
| 1726936327319822338 | lammps-7Jan2022-intelmpi2021.tar                        | 2023-11-21 20:11:20 | 1726936599218532354 | 11112      |
| 1726936328334843905 | lammps-15Sep2022-hpcx_gcc7.3.1.tar                      | 2023-11-21 20:11:20 | 1726936603383476225 | 11112      |
| 1726936329349865474 | lammps-17Feb2022-hpcx_gcc7.3.1.tar                      | 2023-11-21 20:11:20 | 1726936603383476225 | 11112      |
| 1726936330322944001 | lammps-22Dec2022-hpcx_gcc7.3.1.tar                      | 2023-11-21 20:11:21 | 1726936603383476225 | 11112      |
| 1726936331316994049 | lammps-23Jun2022-hpcx_gcc7.3.1.tar                      | 2023-11-21 20:11:21 | 1726936603383476225 | 11112      |
| 1726936332327821314 | lammps-24Mar2022-hpcx_gcc7.3.1.tar                      | 2023-11-21 20:11:21 | 1726936603383476225 | 11112      |
| 1726936333372203009 | lammps-2Jun2022-hpcx_gcc7.3.1.tar                       | 2023-11-21 20:11:21 | 1726936603383476225 | 11112      |
| 1726936334345281538 | lammps-3Aug2022-hpcx_gcc7.3.1.tar                       | 2023-11-21 20:11:22 | 1726936603383476225 | 11112      |
| 1726936335330942978 | lammps-3Nov2022-hpcx_gcc7.3.1.tar                       | 2023-11-21 20:11:22 | 1726936603383476225 | 11112      |
| 1726936336304021506 | lammps-4May2022-hpcx_gcc7.3.1.tar                       | 2023-11-21 20:11:22 | 1726936603383476225 | 11112      |
| 1726936337335820290 | lammps-7Jan2022-hpcx_gcc7.3.1.tar                       | 2023-11-21 20:11:22 | 1726936603383476225 | 11112      |
| 1726936338346647554 | lammps-15Jun2023-intelmpi2018.tar                       | 2023-11-21 20:11:23 | 1726936606000721922 | 11112      |
| 1726936339302948865 | lammps-28Mar2023-intelmpi2018.tar                       | 2023-11-21 20:11:23 | 1726936606000721922 | 11112      |
| 1726936340267638785 | lammps-2Aug2023-intelmpi2018.tar                        | 2023-11-21 20:11:23 | 1726936606000721922 | 11112      |
| 1726936341261688833 | lammps-8Feb2023-intelmpi2021.tar                        | 2023-11-21 20:11:23 | 1726936606000721922 | 11112      |
| 1726936342259933186 | lammps-15Jun2023-hpcx_gcc7.3.1.tar                      | 2023-11-21 20:11:24 | 1726936608529887234 | 11112      |
| 1726936343220428802 | lammps-28Mar2023-hpcx_gcc7.3.1.tar                      | 2023-11-21 20:11:24 | 1726936608529887234 | 11112      |
| 1726936344407416833 | lammps-2Aug2023-hpcx_gcc7.3.1.tar                       | 2023-11-21 20:11:24 | 1726936608529887234 | 11112      |
| 1726936345409855490 | lammps-8Feb2023-hpcx_gcc7.3.1.tar                       | 2023-11-21 20:11:24 | 1726936608529887234 | 11112      |
| 1726936346429071362 | gromacs-2018.8-hpcx_gcc7.3.1.tar                        | 2023-11-21 20:11:25 | 1726936611956633601 | 11112      |
| 1726936347418927105 | gromacs-2019.6-hpcx_gcc7.3.1.tar                        | 2023-11-21 20:11:25 | 1726936611956633601 | 11112      |
| 1726936348387811329 | gromacs-2021.1-gcc7.3.1_intelmpi21.tar                  | 2023-11-21 20:11:25 | 1726936615261745154 | 11112      |
| 1726936349402832897 | gromacs-2021.2-gcc7.3.1_intelmpi21.tar                  | 2023-11-21 20:11:25 | 1726936615261745154 | 11112      |
| 1726936350468186113 | gromacs-2021.3-gcc7.3.1_intelmpi21.tar                  | 2023-11-21 20:11:26 | 1726936615261745154 | 11112      |
| 1726936351495790593 | gromacs-2021.4-gcc7.3.1_intelmpi21.tar                  | 2023-11-21 20:11:26 | 1726936615261745154 | 11112      |
| 1726936352485646337 | gromacs-2021.5-gcc7.3.1_intelmpi21.tar                  | 2023-11-21 20:11:26 | 1726936615261745154 | 11112      |
| 1726936353492279297 | gromacs-2021.6-gcc7.3.1_intelmpi21.tar                  | 2023-11-21 20:11:26 | 1726936615261745154 | 11112      |
| 1726936354486329345 | gromacs-2021.7-gcc7.3.1_intelmpi21.tar                  | 2023-11-21 20:11:26 | 1726936615261745154 | 11112      |
| 1726936355476185089 | gromacs-2021-gcc7.3.1_intelmpi21.tar                    | 2023-11-21 20:11:27 | 1726936615261745154 | 11112      |
| 1726936356520566785 | gromacs-2021.1-hpcx_gcc7.3.1.tar                        | 2023-11-21 20:11:27 | 1726936615261745154 | 11112      |
| 1726936357623668738 | gromacs-2021.2-hpcx_gcc7.3.1.tar                        | 2023-11-21 20:11:27 | 1726936615261745154 | 11112      |
| 1726936358613524481 | gromacs-2021.3-hpcx_gcc7.3.1.tar                        | 2023-11-21 20:11:27 | 1726936615261745154 | 11112      |
| 1726936359594991618 | gromacs-2021.4-hpcx_gcc7.3.1.tar                        | 2023-11-21 20:11:28 | 1726936615261745154 | 11112      |
| 1726936360563875841 | gromacs-2021.5-hpcx_gcc7.3.1.tar                        | 2023-11-21 20:11:28 | 1726936615261745154 | 11112      |
| 1726936361612451842 | gromacs-2021.6-hpcx_gcc7.3.1.tar                        | 2023-11-21 20:11:28 | 1726936615261745154 | 11112      |
| 1726936362681999362 | gromacs-2021.7-hpcx_gcc7.3.1.tar                        | 2023-11-21 20:11:28 | 1726936615261745154 | 11112      |
| 1726936363709603842 | gromacs-2022.1-hpcx_gcc7.3.1.tar                        | 2023-11-21 20:11:29 | 1726936617975459842 | 11112      |
| 1726936364670099458 | gromacs-2022.2-hpcx_gcc7.3.1.tar                        | 2023-11-21 20:11:29 | 1726936617975459842 | 11112      |
| 1726936365651566594 | gromacs-2022.3-hpcx_gcc7.3.1.tar                        | 2023-11-21 20:11:29 | 1726936617975459842 | 11112      |
| 1726936366683365378 | gromacs-2022.4-hpcx_gcc7.3.1.tar                        | 2023-11-21 20:11:29 | 1726936617975459842 | 11112      |
| 1726936367702581249 | gromacs-2022.5-hpcx_gcc7.3.1.tar                        | 2023-11-21 20:11:30 | 1726936617975459842 | 11112      |
| 1726936368667271169 | gromacs-2022-hpcx_gcc7.3.1.tar                          | 2023-11-21 20:11:30 | 1726936617975459842 | 11112      |
| 1726936369686487042 | gromacs-2023.1-gcc930_intelmpi17.tar                    | 2023-11-21 20:11:30 | 1726936620437516290 | 11112      |
| 1726936370672148482 | gromacs-2023.2-gcc930_intelmpi17.tar                    | 2023-11-21 20:11:30 | 1726936620437516290 | 11112      |
| 1726936371666198529 | gromacs-2023-gcc930_intelmpi17.tar                      | 2023-11-21 20:11:31 | 1726936620437516290 | 11112      |
| 1726936372668637185 | qe-6.1-intelmpi_2017.tar                                | 2023-11-21 20:11:31 | 1726936622882795521 | 11112      |
| 1726936373700435969 | qe-6.4.1-hpcx_intel2017.tar                             | 2023-11-21 20:11:31 | 1726936622882795521 | 11112      |
| 1726936374707068929 | qe-6.4.1-intel2021.tar                                  | 2023-11-21 20:11:31 | 1726936622882795521 | 11112      |
| 1726936375713701890 | qe-6.4.1-intelmpi_2017.tar                              | 2023-11-21 20:11:32 | 1726936622882795521 | 11112      |
| 1726936376753889282 | qe-6.4-intelmpi_2017.tar                                | 2023-11-21 20:11:32 | 1726936622882795521 | 11112      |
| 1726936377798270977 | qe-6.5-hpcx_intel2017.tar                               | 2023-11-21 20:11:32 | 1726936622882795521 | 11112      |
| 1726936378813292545 | qe-6.5-intel2021.tar                                    | 2023-11-21 20:11:32 | 1726936622882795521 | 11112      |
| 1726936379794759681 | qe-6.5-intelmpi_2017.tar                                | 2023-11-21 20:11:33 | 1726936622882795521 | 11112      |
| 1726936380801392641 | qe-6.6-gcc731.tar                                       | 2023-11-21 20:11:33 | 1726936622882795521 | 11112      |
| 1726936381799636994 | qe-6.6-hpcx_intel2017.tar                               | 2023-11-21 20:11:33 | 1726936622882795521 | 11112      |
| 1726936382810464257 | qe-6.6-intel2021.tar                                    | 2023-11-21 20:11:33 | 1726936622882795521 | 11112      |
| 1726936383884206081 | qe-6.6-intelmpi_2017.tar                                | 2023-11-21 20:11:33 | 1726936622882795521 | 11112      |
| 1726936384916004865 | qe-6.7-gcc731.tar                                       | 2023-11-21 20:11:34 | 1726936622882795521 | 11112      |
| 1726936385922637825 | qe-6.7-intel2021.tar                                    | 2023-11-21 20:11:34 | 1726936622882795521 | 11112      |
| 1726936387109625857 | qe-6.7-intelmpi_2017.tar                                | 2023-11-21 20:11:34 | 1726936622882795521 | 11112      |
| 1726936388124647425 | qe-6.8-gcc731.tar                                       | 2023-11-21 20:11:35 | 1726936622882795521 | 11112      |
| 1726936389127086081 | qe-6.8-hpcx_intel2017.tar                               | 2023-11-21 20:11:35 | 1726936622882795521 | 11112      |
| 1726936390150496258 | qe-6.8-intel2021.tar                                    | 2023-11-21 20:11:35 | 1726936622882795521 | 11112      |
| 1726936391157129218 | qe-6.8-intelmpi_2017.tar                                | 2023-11-21 20:11:35 | 1726936622882795521 | 11112      |
| 1726936392201510914 | qe-7.0-intel2021.tar                                    | 2023-11-21 20:11:35 | 1726936627135819777 | 11112      |
| 1726936393271058433 | qmcpack-3.9.1-hpcx_gcc_7.3.1.tar                        | 2023-11-21 20:11:36 | 1726936632869433346 | 11112      |
| 1726936394336411650 | siesta-4.0.2-hpcx_intel2017.tar                         | 2023-11-21 20:11:36 | 1726936629790814210 | 11112      |
| 1726936395330461698 | ncl-6.6.2-gcc4.8.5.tar                                  | 2023-11-21 20:11:36 | 1726936635214049281 | 11112      |
| 1726936396332900353 | ncl_ncarg-6.5.0-gcc_4.8.5.tar                           | 2023-11-21 20:11:36 | 1726936635214049281 | 11112      |
| 1726936397285007361 | nco-4.6.7-intel2017.tar                                 | 2023-11-21 20:11:37 | 1726936637671911425 | 11112      |
| 1726936398258085890 | nco-4.7.8-intel2017.tar                                 | 2023-11-21 20:11:37 | 1726936637671911425 | 11112      |
| 1726936399256330241 | beast-2.7.5-none.tar                                    | 2023-11-21 20:11:37 | 1726936640364654594 | 11112      |
| 1726936400271351810 | bismark-0.22.3-none.tar                                 | 2023-11-21 20:11:37 | 1726936642747019266 | 11112      |
| 1726936401248624641 | bowtie2-2.3.5.1-none.tar                                | 2023-11-21 20:11:38 | 1726936645129383937 | 11112      |
| 1726936402225897473 | bowtie2-2.4.4-none.tar                                  | 2023-11-21 20:11:38 | 1726936645129383937 | 11112      |
| 1726936403198976001 | bowtie2-2.5.1-none.tar                                  | 2023-11-21 20:11:38 | 1726936645129383937 | 11112      |
| 1726936404218191874 | crest-2.12-none.tar                                     | 2023-11-21 20:11:38 | 1726936647562080258 | 11112      |
| 1726936405224824833 | ctk-1.1.4-none.tar                                      | 2023-11-21 20:11:39 | 1726936649923473409 | 11112      |
| 1726936406197903361 | diamond-2.1.8-none.tar                                  | 2023-11-21 20:11:39 | 1726936652440055809 | 11112      |
| 1726936407162593282 | fastp-0.19.10-gcc731.tar                                | 2023-11-21 20:11:39 | 1726936654931472385 | 11112      |
| 1726936408131477505 | fastphase-1.4.8-none.tar                                | 2023-11-21 20:11:39 | 1726936657783599105 | 11112      |
| 1726936409079390209 | fastq_multx-1.03-gcc731.tar                             | 2023-11-21 20:11:40 | 1726936660816080898 | 11112      |
| 1726936410094411778 | fasttree-2.1.11-gcc731.tar                              | 2023-11-21 20:11:40 | 1726936663232000001 | 11112      |
| 1726936411155570689 | fastx_toolkit-0.0.14-gcc485.tar                         | 2023-11-21 20:11:40 | 1726936666188984321 | 11112      |
| 1726936412132843522 | featurecounts-2.0.6-gcc731.tar                          | 2023-11-21 20:11:40 | 1726936669926109186 | 11112      |
| 1726936413118504962 | flash-1.2.11-gcc731.tar                                 | 2023-11-21 20:11:40 | 1726936672295890946 | 11112      |
| 1726936414099972097 | genetack_gt-1.00-gcc731.tar                             | 2023-11-21 20:11:41 | 1726936674841833474 | 11112      |
| 1726936415081439234 | genometools-1.6.2-gcc731.tar                            | 2023-11-21 20:11:41 | 1726936677337444354 | 11112      |
| 1726936416075489281 | glimmer-3.02b-gcc731.tar                                | 2023-11-21 20:11:41 | 1726936679724003330 | 11112      |
| 1726936417069539329 | glimmerhmm-3.0.4-gcc731.tar                             | 2023-11-21 20:11:41 | 1726936682148311041 | 11112      |
| 1726936418076172290 | gmap_gsnap-20230720-gcc731.tar                          | 2023-11-21 20:11:42 | 1726936684635533313 | 11112      |
| 1726936419078610945 | hlaminer-1.4-none.tar                                   | 2023-11-21 20:11:42 | 1726936687055646722 | 11112      |
| 1726936420076855297 | bowtie2-2.4.5-none.tar                                  | 2023-11-21 20:11:42 | 1726936645129383937 | 11112      |
| 1726936421079293953 | lastz-1.03.73-none.tar                                  | 2023-11-21 20:11:42 | 1726936689517703169 | 11112      |
| 1726936422064955394 | lastz-1.04.15-none.tar                                  | 2023-11-21 20:11:43 | 1726936689517703169 | 11112      |
| 1726936423050616834 | manta-1.6.0-none.tar                                    | 2023-11-21 20:11:43 | 1726936691950399489 | 11112      |
| 1726936424006918146 | minimap2-2.24-none.tar                                  | 2023-11-21 20:11:43 | 1726936694307598338 | 11112      |
| 1726936425076465666 | mummer-4.0.0-none.tar                                   | 2023-11-21 20:11:43 | 1726936696790626306 | 11112      |
| 1726936426024378369 | picard-2.21.8-none.tar                                  | 2023-11-21 20:11:44 | 1726936699126853633 | 11112      |
| 1726936427031011329 | samtools-1.15.1-none.tar                                | 2023-11-21 20:11:44 | 1726936701454692353 | 11112      |
| 1726936428004089858 | samtools-1.3.1-none.tar                                 | 2023-11-21 20:11:44 | 1726936701454692353 | 11112      |
| 1726936428972974082 | samtools-1.9-none.tar                                   | 2023-11-21 20:11:44 | 1726936701454692353 | 11112      |
| 1726936429975412738 | trf-4.09-none.tar                                       | 2023-11-21 20:11:44 | 1726936703862222850 | 11112      |
| 1726936430927519746 | trimal-1.4.1-none.tar                                   | 2023-11-21 20:11:45 | 1726936706299113473 | 11112      |
| 1726936431846072321 | trimmomatic-0.38-none.tar                               | 2023-11-21 20:11:45 | 1726936708614369281 | 11112      |
| 1726936432886259713 | trimmomatic-0.39-none.tar                               | 2023-11-21 20:11:45 | 1726936708614369281 | 11112      |
| 1726936433859338242 | trinityrnaseq-v2.14.0-none.tar                          | 2023-11-21 20:11:45 | 1726936711118368770 | 11112      |
| 1726936434895331329 | lammps-29oct2020-hpcx_gcc_7.3.1_dtk21.04.tar            | 2023-11-21 20:11:46 | 1726936713576230914 | 11112      |
| 1726936435906158594 | lammps-24dec2020-hpcx_gcc_7.3.1_dtk21.10.tar            | 2023-11-21 20:11:46 | 1726936713576230914 | 11112      |
| 1726936436912791554 | lammps-23jun2022-hpcx_gcc_7.3.1_dtk22.04.tar            | 2023-11-21 20:11:46 | 1726936715941818369 | 11112      |
| 1726936437890064386 | lammps-23jun2022-hpcx_gcc_7.3.1_dtk22.10.tar            | 2023-11-21 20:11:46 | 1726936715941818369 | 11112      |
| 1726936438858948610 | gromacs-2019-gcc_9.3.0_dtk23.04.tar                     | 2023-11-21 20:11:47 | 1726936718479372290 | 11112      |
| 1726936439840415745 | gromacs-2020.3-hpcx_gcc_7.3.1_dtk21.04.tar              | 2023-11-21 20:11:47 | 1726936720991760386 | 11112      |
| 1726936440821882881 | gromacs-2022.1-gcc_7.3.1_dtk22.04.tar                   | 2023-11-21 20:11:47 | 1726936723462205441 | 11112      |
| 1726936441807544321 | gromacs-2022.1-hpcx_gcc_7.3.1_dtk22.04.tar              | 2023-11-21 20:11:47 | 1726936723462205441 | 11112      |
| 1728639862054948865 | lammps-10Feb2021-hpcx_gcc7.3.1.tar                      | 2023-11-26 13:00:34 | 1728639864356347905 | 11112      |
| 1728667259760381953 | lammps-5Jun2019-intelmpi2018.tar                        | 2023-11-26 14:49:26 | 1728667560041914370 | 11112      |
| 1728667261735899138 | lammps-7Aug2019-intelmpi2018.tar                        | 2023-11-26 14:49:27 | 1728667563451883521 | 11112      |
| 1728667262268575745 | lammps-5Jun2019-hpcx_gcc7.3.1.tar                       | 2023-11-26 14:49:27 | 1728667560041914370 | 11112      |
| 1728667263887577089 | lammps-7Aug2019-hpcx_gcc7.3.1.tar                       | 2023-11-26 14:49:27 | 1728667563451883521 | 11112      |
| 1728667264432836610 | lammps-15Apr2020-intelmpi2018.tar                       | 2023-11-26 14:49:28 | 1728667495839703042 | 11112      |
| 1728667265212977153 | lammps-15Jun2020-intelmpi2018.tar                       | 2023-11-26 14:49:28 | 1728667498956070914 | 11112      |
| 1728667265720487938 | lammps-18Feb2020-intelmpi2018.tar                       | 2023-11-26 14:49:28 | 1728667505834729473 | 11112      |
| 1728667266911670274 | lammps-18Sep2020-intelmpi2018.tar                       | 2023-11-26 14:49:28 | 1728667507357261825 | 11112      |
| 1728667268287401985 | lammps-19Mar2020-intelmpi2018.tar                       | 2023-11-26 14:49:28 | 1728667509643157506 | 11112      |
| 1728667268971073538 | lammps-21Jul2020-intelmpi2018.tar                       | 2023-11-26 14:49:29 | 1728667512738553858 | 11112      |
| 1728667269671522305 | lammps-22Oct2020-intelmpi2018.tar                       | 2023-11-26 14:49:29 | 1728667515867504642 | 11112      |
| 1728667270355193857 | lammps-24Aug2020-intelmpi2021.tar                       | 2023-11-26 14:49:29 | 1728667518996455425 | 11112      |
| 1728667270778818562 | lammps-24Dec2020-intelmpi2018.tar                       | 2023-11-26 14:49:29 | 1728667520695148545 | 11112      |
| 1728667271428935682 | lammps-24Jan2020-intelmpi2018.tar                       | 2023-11-26 14:49:29 | 1728667522100240386 | 11112      |
| 1728667271936446466 | lammps-27Feb2020-intelmpi2018.tar                       | 2023-11-26 14:49:29 | 1728667525510209538 | 11112      |
| 1728667272360071169 | lammps-29Oct2020-intelmpi2018.tar                       | 2023-11-26 14:49:29 | 1728667533793959938 | 11112      |
| 1728667273458978818 | lammps-2Jun2020-intelmpi2018.tar                        | 2023-11-26 14:49:30 | 1728667540748115970 | 11112      |
| 1728667274213953538 | lammps-30Jun2020-intelmpi2018.tar                       | 2023-11-26 14:49:30 | 1728667546607558657 | 11112      |
| 1728667274822127618 | lammps-30Nov2020-intelmpi2018.tar                       | 2023-11-26 14:49:30 | 1728667548616630273 | 11112      |
| 1728667275237363714 | lammps-3Mar2020-intelmpi2018.tar                        | 2023-11-26 14:49:30 | 1728667553796595713 | 11112      |
| 1728667275891675137 | lammps-4Feb2020-intelmpi2018.tar                        | 2023-11-26 14:49:30 | 1728667557252702209 | 11112      |
| 1728667276369825793 | lammps-5May2020-intelmpi2018.tar                        | 2023-11-26 14:49:30 | 1728667561501532161 | 11112      |
| 1728667276889919490 | lammps-9Jan2020-intelmpi2018.tar                        | 2023-11-26 14:49:31 | 1728667570032746497 | 11112      |
| 1728667277611339778 | lammps-9Oct2020-intelmpi2018.tar                        | 2023-11-26 14:49:31 | 1728667571408478209 | 11112      |
| 1728667278160793602 | lammps-15Apr2020-hpcx_gcc7.3.1.tar                      | 2023-11-26 14:49:31 | 1728667495839703042 | 11112      |
| 1728667278576029697 | lammps-15Jun2020-hpcx_gcc7.3.1.tar                      | 2023-11-26 14:49:31 | 1728667498956070914 | 11112      |
| 1728667279347781633 | lammps-18Feb2020-hpcx_gcc7.3.1.tar                      | 2023-11-26 14:49:31 | 1728667505834729473 | 11112      |
| 1728667280010481665 | lammps-18Sep2020-hpcx_gcc7.3.1.tar                      | 2023-11-26 14:49:31 | 1728667507357261825 | 11112      |
| 1728667280694153218 | lammps-19Mar2020-hpcx_gcc7.3.1.tar                      | 2023-11-26 14:49:31 | 1728667509643157506 | 11112      |
| 1728667281390407681 | lammps-21Jul2020-hpcx_gcc7.3.1.tar                      | 2023-11-26 14:49:32 | 1728667512738553858 | 11112      |
| 1728667282040524802 | lammps-22Oct2020-hpcx_gcc7.3.1.tar                      | 2023-11-26 14:49:32 | 1728667515867504642 | 11112      |
| 1728667282778722306 | lammps-24Aug2020-hpcx_gcc7.3.1.tar                      | 2023-11-26 14:49:32 | 1728667518996455425 | 11112      |
| 1728667283311398913 | lammps-24Dec2020-hpcx_gcc7.3.1.tar                      | 2023-11-26 14:49:32 | 1728667520695148545 | 11112      |
| 1728667283730829314 | lammps-24Jan2020-hpcx_gcc7.3.1.tar                      | 2023-11-26 14:49:32 | 1728667522100240386 | 11112      |
| 1728667284510969858 | lammps-27Feb2020-hpcx_gcc7.3.1.tar                      | 2023-11-26 14:49:32 | 1728667525510209538 | 11112      |
| 1728667285064617985 | lammps-29Oct2020-hpcx_gcc7.3.1.tar                      | 2023-11-26 14:49:32 | 1728667533793959938 | 11112      |
| 1728667285496631297 | lammps-2Jun2020-hpcx_gcc7.3.1.tar                       | 2023-11-26 14:49:33 | 1728667540748115970 | 11112      |
| 1728667286243217410 | lammps-30Jun2020-hpcx_gcc7.3.1.tar                      | 2023-11-26 14:49:33 | 1728667546607558657 | 11112      |
| 1728667286666842114 | lammps-30Nov2020-hpcx_gcc7.3.1.tar                      | 2023-11-26 14:49:33 | 1728667548616630273 | 11112      |
| 1728667287262433282 | lammps-3Mar2020-hpcx_gcc7.3.1.tar                       | 2023-11-26 14:49:33 | 1728667553796595713 | 11112      |
| 1728667287954493442 | lammps-4Feb2020-hpcx_gcc7.3.1.tar                       | 2023-11-26 14:49:33 | 1728667557252702209 | 11112      |
| 1728667289003069441 | lammps-5May2020-hpcx_gcc7.3.1.tar                       | 2023-11-26 14:49:33 | 1728667561501532161 | 11112      |
| 1728667289548328961 | lammps-9Jan2020-hpcx_gcc7.3.1.tar                       | 2023-11-26 14:49:34 | 1728667570032746497 | 11112      |
| 1728667290085199874 | lammps-9Oct2020-hpcx_gcc7.3.1.tar                       | 2023-11-26 14:49:34 | 1728667571408478209 | 11112      |
| 1728667291284770817 | lammps-20Sep2021-intelmpi2018.tar                       | 2023-11-26 14:49:34 | 1728667511178272769 | 11112      |
| 1728667291733561345 | lammps-27May2021-intelmpi2021.tar                       | 2023-11-26 14:49:34 | 1728667527267622914 | 11112      |
| 1728667292434010114 | lammps-27Oct2021-intelmpi2018.tar                       | 2023-11-26 14:49:34 | 1728667528626577410 | 11112      |
| 1728667293121875970 | lammps-28Jul2021-intelmpi2021.tar                       | 2023-11-26 14:49:34 | 1728667530354630658 | 11112      |
| 1728667293839101953 | lammps-29Sep2021-intelmpi2018.tar                       | 2023-11-26 14:49:35 | 1728667535513624578 | 11112      |
| 1728667294493413377 | lammps-2Jul2021-intelmpi2018.tar                        | 2023-11-26 14:49:35 | 1728667539011674113 | 11112      |
| 1728667295021895682 | lammps-30Jul2021-intelmpi2018.tar                       | 2023-11-26 14:49:35 | 1728667544955002882 | 11112      |
| 1728667296078860290 | lammps-31Aug2021-intelmpi2018.tar                       | 2023-11-26 14:49:35 | 1728667550340489218 | 11112      |
| 1728667296636702722 | lammps-8Apr2021-intelmpi2018.tar                        | 2023-11-26 14:49:35 | 1728667566576640002 | 11112      |
| 1728667297265848321 | lammps-10Mar2021-hpcx_gcc7.3.1.tar                      | 2023-11-26 14:49:35 | 1728667479150567426 | 11112      |
| 1728667297794330626 | lammps-14Dec2021-hpcx_gcc7.3.1.tar                      | 2023-11-26 14:49:36 | 1728667491234357249 | 11112      |
| 1728667298205372418 | lammps-20Sep2021-hpcx_gcc7.3.1.tar                      | 2023-11-26 14:49:36 | 1728667511178272769 | 11112      |
| 1728667298981318657 | lammps-27May2021-hpcx_gcc7.3.1.tar                      | 2023-11-26 14:49:36 | 1728667527267622914 | 11112      |
| 1728667299543355394 | lammps-27Oct2021-hpcx_gcc7.3.1.tar                      | 2023-11-26 14:49:36 | 1728667528626577410 | 11112      |
| 1728667299979563010 | lammps-28Jul2021-hpcx_gcc7.3.1.tar                      | 2023-11-26 14:49:36 | 1728667530354630658 | 11112      |
| 1728667300713566209 | lammps-29Sep2021-hpcx_gcc7.3.1.tar                      | 2023-11-26 14:49:36 | 1728667535513624578 | 11112      |
| 1728667301434986497 | lammps-2Jul2021-hpcx_gcc7.3.1.tar                       | 2023-11-26 14:49:36 | 1728667539011674113 | 11112      |
| 1728667302118658049 | lammps-30Jul2021-hpcx_gcc7.3.1.tar                      | 2023-11-26 14:49:37 | 1728667544955002882 | 11112      |
| 1728667302802329602 | lammps-31Aug2021-hpcx_gcc7.3.1.tar                      | 2023-11-26 14:49:37 | 1728667550340489218 | 11112      |
| 1728667303267897346 | lammps-8Apr2021-hpcx_gcc7.3.1.tar                       | 2023-11-26 14:49:37 | 1728667566576640002 | 11112      |
| 1728667304173867010 | lammps-15Sep2022-intelmpi2021.tar                       | 2023-11-26 14:49:37 | 1728667502064050177 | 11112      |
| 1728667304689766401 | lammps-17Feb2022-intelmpi2018.tar                       | 2023-11-26 14:49:37 | 1728667503783714818 | 11112      |
| 1728667305557987330 | lammps-22Dec2022-intelmpi2018.tar                       | 2023-11-26 14:49:37 | 1728667514474995714 | 11112      |
| 1728667306078081026 | lammps-23Jun2022-intelmpi2018.tar                       | 2023-11-26 14:49:38 | 1728667517591363585 | 11112      |
| 1728667306929524737 | lammps-24Mar2022-intelmpi2018.tar                       | 2023-11-26 14:49:38 | 1728667523773767682 | 11112      |
| 1728667307617390594 | lammps-2Jun2022-intelmpi2018.tar                        | 2023-11-26 14:49:38 | 1728667542509723650 | 11112      |
| 1728667308091346946 | lammps-3Aug2022-intelmpi2021.tar                        | 2023-11-26 14:49:38 | 1728667552060153858 | 11112      |
| 1728667308649189377 | lammps-3Nov2022-intelmpi2018.tar                        | 2023-11-26 14:49:38 | 1728667555184910338 | 11112      |
| 1728667309177671681 | lammps-4May2022-intelmpi2018.tar                        | 2023-11-26 14:49:38 | 1728667558682959874 | 11112      |
| 1728667310020726786 | lammps-7Jan2022-intelmpi2021.tar                        | 2023-11-26 14:49:38 | 1728667565184131074 | 11112      |
| 1728667310855393281 | lammps-15Sep2022-hpcx_gcc7.3.1.tar                      | 2023-11-26 14:49:39 | 1728667502064050177 | 11112      |
| 1728667311320961025 | lammps-17Feb2022-hpcx_gcc7.3.1.tar                      | 2023-11-26 14:49:39 | 1728667503783714818 | 11112      |
| 1728667312088518658 | lammps-22Dec2022-hpcx_gcc7.3.1.tar                      | 2023-11-26 14:49:39 | 1728667514474995714 | 11112      |
| 1728667312679915521 | lammps-23Jun2022-hpcx_gcc7.3.1.tar                      | 2023-11-26 14:49:39 | 1728667517591363585 | 11112      |
| 1728667313107734530 | lammps-24Mar2022-hpcx_gcc7.3.1.tar                      | 2023-11-26 14:49:39 | 1728667523773767682 | 11112      |
| 1728667313816571905 | lammps-2Jun2022-hpcx_gcc7.3.1.tar                       | 2023-11-26 14:49:39 | 1728667542509723650 | 11112      |
| 1728667314571546625 | lammps-3Aug2022-hpcx_gcc7.3.1.tar                       | 2023-11-26 14:49:40 | 1728667552060153858 | 11112      |
| 1728667315209080833 | lammps-3Nov2022-hpcx_gcc7.3.1.tar                       | 2023-11-26 14:49:40 | 1728667555184910338 | 11112      |
| 1728667316073107458 | lammps-4May2022-hpcx_gcc7.3.1.tar                       | 2023-11-26 14:49:40 | 1728667558682959874 | 11112      |
| 1728667316924551170 | lammps-7Jan2022-hpcx_gcc7.3.1.tar                       | 2023-11-26 14:49:40 | 1728667565184131074 | 11112      |
| 1728667317482393601 | lammps-15Jun2023-intelmpi2018.tar                       | 2023-11-26 14:49:40 | 1728667500369551361 | 11112      |
| 1728667317973127170 | lammps-28Mar2023-intelmpi2018.tar                       | 2023-11-26 14:49:40 | 1728667532061712385 | 11112      |
| 1728667318631632897 | lammps-2Aug2023-intelmpi2018.tar                        | 2023-11-26 14:49:40 | 1728667536918716418 | 11112      |
| 1728667319285944322 | lammps-8Feb2023-intelmpi2021.tar                        | 2023-11-26 14:49:41 | 1728667568287916034 | 11112      |
| 1728667320040919042 | lammps-15Jun2023-hpcx_gcc7.3.1.tar                      | 2023-11-26 14:49:41 | 1728667500369551361 | 11112      |
| 1728667320569401346 | lammps-28Mar2023-hpcx_gcc7.3.1.tar                      | 2023-11-26 14:49:41 | 1728667532061712385 | 11112      |
| 1728667321433427970 | lammps-2Aug2023-hpcx_gcc7.3.1.tar                       | 2023-11-26 14:49:41 | 1728667536918716418 | 11112      |
| 1728667321961910273 | lammps-8Feb2023-hpcx_gcc7.3.1.tar                       | 2023-11-26 14:49:41 | 1728667568287916034 | 11112      |
| 1728667323648020482 | gromacs-2020.4-gcc7.3.1_intelmpi21.tar                  | 2023-11-26 14:49:42 | 1728667576563277825 | 11112      |
| 1728667324067450881 | gromacs-2020.5-gcc7.3.1_intelmpi21.tar                  | 2023-11-26 14:49:42 | 1728667578287136770 | 11112      |
| 1728667324864368641 | gromacs-2020.6-gcc7.3.1_intelmpi21.tar                  | 2023-11-26 14:49:42 | 1728667579960664066 | 11112      |
| 1728667325732589570 | gromacs-2020.7-gcc7.3.1_intelmpi21.tar                  | 2023-11-26 14:49:42 | 1728667581751631874 | 11112      |
| 1728667326605004802 | gromacs-2020.4-hpcx_gcc7.3.1.tar                        | 2023-11-26 14:49:42 | 1728667576563277825 | 11112      |
| 1728667327099932673 | gromacs-2020.5-hpcx_gcc7.3.1.tar                        | 2023-11-26 14:49:43 | 1728667578287136770 | 11112      |
| 1728667327955570689 | gromacs-2020.6-hpcx_gcc7.3.1.tar                        | 2023-11-26 14:49:43 | 1728667579960664066 | 11112      |
| 1728667328505024513 | gromacs-2020.7-hpcx_gcc7.3.1.tar                        | 2023-11-26 14:49:43 | 1728667581751631874 | 11112      |
| 1728667329356468225 | gromacs-2021.1-gcc7.3.1_intelmpi21.tar                  | 2023-11-26 14:49:43 | 1728667584842833921 | 11112      |
| 1728667329872367618 | gromacs-2021.2-gcc7.3.1_intelmpi21.tar                  | 2023-11-26 14:49:43 | 1728667586558304257 | 11112      |
| 1728667330358906881 | gromacs-2021.3-gcc7.3.1_intelmpi21.tar                  | 2023-11-26 14:49:43 | 1728667588315717634 | 11112      |
| 1728667331214544898 | gromacs-2021.4-gcc7.3.1_intelmpi21.tar                  | 2023-11-26 14:49:43 | 1728667589725003778 | 11112      |
| 1728667332451864577 | gromacs-2021.5-gcc7.3.1_intelmpi21.tar                  | 2023-11-26 14:49:44 | 1728667591486611457 | 11112      |
| 1728667333278142465 | gromacs-2021.6-gcc7.3.1_intelmpi21.tar                  | 2023-11-26 14:49:44 | 1728667593164333057 | 11112      |
| 1728667334603542529 | gromacs-2021.7-gcc7.3.1_intelmpi21.tar                  | 2023-11-26 14:49:44 | 1728667594842054658 | 11112      |
| 1728667336314818561 | gromacs-2021-gcc7.3.1_intelmpi21.tar                    | 2023-11-26 14:49:45 | 1728667583387410433 | 11112      |
| 1728667336843300865 | gromacs-2021.1-hpcx_gcc7.3.1.tar                        | 2023-11-26 14:49:45 | 1728667584842833921 | 11112      |
| 1728667337631830017 | gromacs-2021.2-hpcx_gcc7.3.1.tar                        | 2023-11-26 14:49:45 | 1728667586558304257 | 11112      |
| 1728667338177089537 | gromacs-2021.3-hpcx_gcc7.3.1.tar                        | 2023-11-26 14:49:45 | 1728667588315717634 | 11112      |
| 1728667338613297153 | gromacs-2021.4-hpcx_gcc7.3.1.tar                        | 2023-11-26 14:49:45 | 1728667589725003778 | 11112      |
| 1728667339699621889 | gromacs-2021.5-hpcx_gcc7.3.1.tar                        | 2023-11-26 14:49:46 | 1728667591486611457 | 11112      |
| 1728667340374904833 | gromacs-2021.6-hpcx_gcc7.3.1.tar                        | 2023-11-26 14:49:46 | 1728667593164333057 | 11112      |
| 1728667341461229569 | gromacs-2021.7-hpcx_gcc7.3.1.tar                        | 2023-11-26 14:49:46 | 1728667594842054658 | 11112      |
| 1728667342102958081 | gromacs-2022.1-hpcx_gcc7.3.1.tar                        | 2023-11-26 14:49:46 | 1728667597975199746 | 11112      |
| 1728667342799212545 | gromacs-2022.2-hpcx_gcc7.3.1.tar                        | 2023-11-26 14:49:46 | 1728667599665504258 | 11112      |
| 1728667343206060033 | gromacs-2022.3-hpcx_gcc7.3.1.tar                        | 2023-11-26 14:49:46 | 1728667601125122050 | 11112      |
| 1728667343826817025 | gromacs-2022.4-hpcx_gcc7.3.1.tar                        | 2023-11-26 14:49:47 | 1728667602807037953 | 11112      |
| 1728667344523071490 | gromacs-2022.5-hpcx_gcc7.3.1.tar                        | 2023-11-26 14:49:47 | 1728667604514119682 | 11112      |
| 1728667344942501889 | gromacs-2022-hpcx_gcc7.3.1.tar                          | 2023-11-26 14:49:47 | 1728667596276506626 | 11112      |
| 1728667345550675969 | gromacs-2023.1-gcc930_intelmpi17.tar                    | 2023-11-26 14:49:47 | 1728667607605321730 | 11112      |
| 1728667346104324098 | gromacs-2023.2-gcc930_intelmpi17.tar                    | 2023-11-26 14:49:47 | 1728667609366929409 | 11112      |
| 1728667346532143105 | gromacs-2023-gcc930_intelmpi17.tar                      | 2023-11-26 14:49:47 | 1728667606175064065 | 11112      |
| 1728667347320672258 | cp2k-4.1-intelmpi_2017.tar                              | 2023-11-26 14:49:47 | 1728667613875806209 | 11112      |
| 1728667347853348865 | cp2k-5.1-intelmpi_2017.tar                              | 2023-11-26 14:49:47 | 1728667615188623362 | 11112      |
| 1728667348285362177 | cp2k-6.1.0-intelmpi_2017_plumed.tar                     | 2023-11-26 14:49:48 | 1728667616618881026 | 11112      |
| 1728667349120028674 | cp2k-7.1-intelmpi_2018.tar                              | 2023-11-26 14:49:48 | 1728667618372100097 | 11112      |
| 1728667349656899585 | cp2k-7.1-intelmpi_2020.tar                              | 2023-11-26 14:49:48 | 1728667618372100097 | 11112      |
| 1728667350407680002 | cp2k-8.1-intelmpi_2020.tar                              | 2023-11-26 14:49:48 | 1728667620364394497 | 11112      |
| 1728667350923579394 | cp2k-8.2-intelmpi_2020.tar                              | 2023-11-26 14:49:48 | 1728667622117613570 | 11112      |
| 1728667351548530690 | cp2k-9.1-intelmpi_2018.tar                              | 2023-11-26 14:49:48 | 1728667623501733889 | 11112      |
| 1728667352127344642 | cp2k-9.1-intelmpi_2020.tar                              | 2023-11-26 14:49:48 | 1728667623501733889 | 11112      |
| 1728667352668409857 | cp2k-9.1-intelmpi_2021.tar                              | 2023-11-26 14:49:49 | 1728667623501733889 | 11112      |
| 1728667354077696001 | cp2k_plumed-6.1.0-intelmpi_2017.tar                     | 2023-11-26 14:49:49 | 1728667628996272129 | 11112      |
| 1728667354530680834 | cp2k_plumed-9.1-intel2020.tar                           | 2023-11-26 14:49:49 | 1728667630770462722 | 11112      |
| 1728667355222740993 | cp2k_plumed-9.1-intelmpi_2018.tar                       | 2023-11-26 14:49:49 | 1728667630770462722 | 11112      |
| 1728667356330037250 | cp2k-2023.1-intelmpi_2018.tar                           | 2023-11-26 14:49:49 | 1728667612441354241 | 11112      |
| 1728667356975960066 | cp2k-2023.1-intelmpi_2021.tar                           | 2023-11-26 14:49:50 | 1728667612441354241 | 11112      |
| 1728667357647048706 | cp2k_plumed-2023.1-intel2021.tar                        | 2023-11-26 14:49:50 | 1728667625070403585 | 11112      |
| 1728667358175531010 | cp2k_plumed-2023.1-intelmpi_2021.tar                    | 2023-11-26 14:49:50 | 1728667625070403585 | 11112      |
| 1728667359068917762 | cp2k_plumed-22.1-intel2020.tar                          | 2023-11-26 14:49:50 | 1728667627117223938 | 11112      |
| 1728667359576428546 | qe-5.4.0-intelmpi_2017.tar                              | 2023-11-26 14:49:50 | 1728667632485933057 | 11112      |
| 1728667360008441857 | qe-6.1-intelmpi_2017.tar                                | 2023-11-26 14:49:50 | 1728667634285289473 | 11112      |
| 1728667360734056449 | qe-6.4.1-hpcx_intel2017.tar                             | 2023-11-26 14:49:51 | 1728667637644926977 | 11112      |
| 1728667361170264066 | qe-6.4.1-intel2021.tar                                  | 2023-11-26 14:49:51 | 1728667637644926977 | 11112      |
| 1728667361807798273 | qe-6.4.1-intelmpi_2017.tar                              | 2023-11-26 14:49:51 | 1728667637644926977 | 11112      |
| 1728667362306920449 | qe-6.4-intelmpi_2017.tar                                | 2023-11-26 14:49:51 | 1728667636004954114 | 11112      |
| 1728667362759905281 | qe-6.5-hpcx_intel2017.tar                               | 2023-11-26 14:49:51 | 1728667639381368834 | 11112      |
| 1728667363200307201 | qe-6.5-intel2021.tar                                    | 2023-11-26 14:49:51 | 1728667639381368834 | 11112      |
| 1728667364190162946 | qe-6.5-intelmpi_2017.tar                                | 2023-11-26 14:49:51 | 1728667639381368834 | 11112      |
| 1728667365234544641 | qe-6.6-gcc731.tar                                       | 2023-11-26 14:49:52 | 1728667641419800578 | 11112      |
| 1728667365914021890 | qe-6.6-hpcx_intel2017.tar                               | 2023-11-26 14:49:52 | 1728667641419800578 | 11112      |
| 1728667367566577666 | qe-6.6-intel2021.tar                                    | 2023-11-26 14:49:52 | 1728667641419800578 | 11112      |
| 1728667368325746690 | qe-6.6-intelmpi_2017.tar                                | 2023-11-26 14:49:52 | 1728667641419800578 | 11112      |
| 1728667368808091650 | qe-6.7-gcc731.tar                                       | 2023-11-26 14:49:52 | 1728667643516952578 | 11112      |
| 1728667369298825218 | qe-6.7-intel2021.tar                                    | 2023-11-26 14:49:53 | 1728667643516952578 | 11112      |
| 1728667370087354370 | qe-6.7-intelmpi_2017.tar                                | 2023-11-26 14:49:53 | 1728667643516952578 | 11112      |
| 1728667370687139841 | qe-6.8-gcc731.tar                                       | 2023-11-26 14:49:53 | 1728667645270171649 | 11112      |
| 1728667371517612033 | qe-6.8-hpcx_intel2017.tar                               | 2023-11-26 14:49:53 | 1728667645270171649 | 11112      |
| 1728667372243226626 | qe-6.8-intel2021.tar                                    | 2023-11-26 14:49:53 | 1728667645270171649 | 11112      |
+---------------------+---------------------------------------------------------+---------------------+---------------------+------------+