+---------------------+----------------------------------------------+---------------------+---------------------+------------+
| id                  | TARTGET_PATH                                 | create_time         | goods_id            | CLUSTER_ID |
+---------------------+----------------------------------------------+---------------------+---------------------+------------+
| 1716667271076990977 | fluent-2021r1-ky_2.tar                       | 2023-10-24 12:05:46 | 1716670647546253314 | 11250      |
| 1717094141195984897 | vasp-5.6.3-compiler2021_intel2021.tar        | 2023-10-25 16:22:00 |                NULL | 11285      |
| 1718926603848060929 | easewave-v7.6-intelmpi.tar                   | 2023-10-30 17:43:33 | 1719160363114897409 | 11250      |
| 1719237707862183938 | vasp-2Feb2023-dtk22.10.tar.bz2               | 2023-10-31 14:19:46 |                NULL | 11250      |
| 1719237825663406082 | vasp-5.4.4-nfs3.2intel2022.1.0.tar.bz2       | 2023-10-31 14:20:14 |                NULL | 11276      |
| 1719647431607721985 | RDSim-v2-nulll.tar                           | 2023-11-01 17:27:52 |                NULL | 11276      |
| 1719721017764749313 | paraview-5.11.0-gcc731.tar                   | 2023-11-01 22:20:16 | 1719723434714697729 | 11271      |
| 1719734955793457154 | autodock-4.2.6-dcu2_hpcx_gcc_7.3.1.tar       | 2023-11-01 23:15:39 |                NULL | 11276      |
| 1720101388695203841 | jupyterlab-3.8.6-multi.python.tar            | 2023-11-02 23:31:44 | 1720103183408533506 | 11250      |
| 1720256778226446337 | WannierTools-2.7.0-intelmpi2017.tar          | 2023-11-03 09:49:11 |                NULL | 11271      |
| 1720365819707600898 | WannierTools-2.7.0-intelmpi2018.tar          | 2023-11-03 17:02:29 |                NULL | 11250      |
| 1721396755161231361 | qflux-2023r1-null.tar                        | 2023-11-06 13:19:03 |                NULL | 11271      |
| 1721434337903456257 | vasp-5.4.4-compiler2021_intel2021.tar        | 2023-11-06 15:48:24 |                NULL | 11250      |
| 1721478417139200001 | sph-7.5-intelmpi.tar                         | 2023-11-06 18:43:33 |                NULL | 11250      |
| 1721531335867445249 | vasp-11.06.2-compiler2021_intel2021test6.tar | 2023-11-06 22:13:50 | 1721808910528315393 | 11250      |
| 1721814946906714114 | acoustics-7.5-none.tar                       | 2023-11-07 17:00:48 | 1721815742361665538 | 11290      |
| 1721835118329671682 | emag-7.5-none.tar                            | 2023-11-07 18:20:57 | 1721835538087219201 | 11290      |
| 1722090210204073986 | sph-7.5-dcu.tar                              | 2023-11-08 11:14:36 | 1721478916966027265 | 11250      |
| 1722503853344370689 | litosim-develop-gcc.tar                      | 2023-11-09 14:38:16 |                NULL | 11271      |
| 1722561512206598146 | hefei_namd-dev-intempi2017.tar               | 2023-11-09 18:27:23 | 1717808211669913602 | 11271      |
| 1722626315412361218 | easewave-v7.60-mpi.tar                       | 2023-11-09 22:44:53 | 1719160363114897409 | 11276      |
| 1722794511926874113 | naviix-2023r1-null.tar                       | 2023-11-10 09:53:14 |                NULL | 11276      |
| 1722803074816593922 | lammps-5Jun2019-intelmpi2018.tar             | 2023-11-10 10:27:16 | 1722804197732417538 | 11271      |
| 1722803179375394818 | lammps-7Aug2019-intelmpi2018.tar             | 2023-11-10 10:27:41 | 1722804197732417538 | 11271      |
| 1722805220810260482 | lammps-5Jun2020-intelmpi2018.tar             | 2023-11-10 10:35:47 | 1722806204597829634 | 11250      |
| 1722806171927412738 | gromacs-2020.4-gcc7.3.1_intelmpi21.tar       | 2023-11-10 10:39:34 | 1722806901069324290 | 11250      |
| 1722806274025160706 | gromacs-2020.5-gcc7.3.1_intelmpi21.tar       | 2023-11-10 10:39:59 | 1722806901069324290 | 11250      |
| 1722808061428813826 | bedtools-2.31.0-none.tar                     | 2023-11-10 10:47:05 | 1722809132745236482 | 11250      |
| 1722810966532784130 | abinit-8.6.1-intelmpi2017.tar                | 2023-11-10 10:58:37 | 1722811201258528770 | 11250      |
| 1722813694260641794 | bowtie-1.3.0-none.tar                        | 2023-11-10 11:09:28 | 1722813932753944578 | 11250      |
| 1722814866178539521 | hmmer-3.4-gcc731.tar                         | 2023-11-10 11:14:07 | 1722815028272594945 | 11250      |
| 1722816661550366722 | fftw-3.3.10-intelmpi2017_double.tar          | 2023-11-10 11:21:15 | 1722817988196048897 | 11271      |
| 1722819997477470209 | hdf5-1.14.2-hpcx.tar                         | 2023-11-10 11:34:30 | 1722820194374787073 | 11250      |
| 1722821310824108033 | netcdf-4.6.1-hpcx.tar                        | 2023-11-10 11:39:44 | 1722821597525737474 | 11250      |
| 1722823079917617154 | openblas-0.3.24-gcc731.tar                   | 2023-11-10 11:46:45 | 1722862971956527106 | 11250      |
| 1722867451061174273 | wrf-3.9-intelmpi2017.tar                     | 2023-11-10 14:43:04 | 1722868390011633666 | 11271      |
| 1722870527563190273 | openfoam-v1812-intelmpi2021.tar              | 2023-11-10 14:55:18 | 1722871130897022977 | 11250      |
| 1722877476877991937 | paraview-5.11.0-gcc731.tar                   | 2023-11-10 15:22:55 | 1722877959604543489 | 11271      |
| 1722880003489976321 | gromacs-2022.1-dcu2_hpcx_gcc_7.3.1.tar       | 2023-11-10 15:32:57 |                NULL | 11285      |
| 1722885616894791681 | abacus-3.2.5-dtk23.04.tar                    | 2023-11-10 15:55:15 | 1722886297072467969 | 11276      |
| 1723174389847216130 | hisat2-2.2.1-none.tar                        | 2023-11-11 11:02:44 | 1723174963534635010 | 11250      |
| 1723176275711152130 | ncview-2.1.7-intel2017.tar                   | 2023-11-11 11:10:14 | 1723176923525578754 | 11250      |
| 1723178038227992577 | roms-3.6-hpcx_intel2017.tar                  | 2023-11-11 11:17:14 | 1723178558195769345 | 11250      |
| 1723179877187026945 | namd-2.15-dcu2_hpcx_gcc7.3.1.tar             | 2023-11-11 11:24:32 |                NULL | 11250      |
| 1723225186312179714 | autodock-4.2.6-dcu2_hpcx_gcc_7.3.1.tar       | 2023-11-11 14:24:35 |                NULL | 11250      |
| 1723952034755170305 | litosim-develop2-gcc.tar                     | 2023-11-13 14:32:49 |                NULL | 11271      |
| 1723991819066593282 | rdsim-latest-none.tar                        | 2023-11-13 17:10:55 |                NULL | 11276      |
| 1724324947584929794 | scotch-7.0.1-intelmpi2017.tar                | 2023-11-14 15:14:39 | 1724325064395202561 | 11250      |
| 1724324948969050113 | scotch-7.0.1-intelmpi2018.tar                | 2023-11-14 15:14:39 | 1724325064395202561 | 11250      |
| 1724324950365753345 | scotch-7.0.1-intelmpi2020.tar                | 2023-11-14 15:14:39 | 1724325064395202561 | 11250      |
| 1724324952109580290 | scotch-7.0.1-intelmpi2021.tar                | 2023-11-14 15:14:40 | 1724325064395202561 | 11250      |
| 1724611612631232514 | ncl-6.6.2-gcc4.8.5.tar                       | 2023-11-15 10:13:45 | 1724611630552420353 | 11250      |
| 1724611613998575617 | ncl_ncarg-6.5.0-gcc_4.8.5.tar                | 2023-11-15 10:13:45 | 1727530813062701058 | 11250      |
| 1724612442847571969 | gromacs-2022.1-dtk2_hpcx_gcc_7.3.1.tar       | 2023-11-15 10:17:03 | 1724612749392400386 | 11250      |
| 1724616817908215810 | gromacs-2022.1-dtk2_hpcx_gcc_7.3.1.tar       | 2023-11-15 10:34:26 | 1722880304661954561 | 11250      |
| 1724617159698935809 | autodock-4.2.6-dtk2_hpcx_gcc_7.3.1.tar       | 2023-11-15 10:35:47 | 1723226205905518594 | 11250      |
| 1724617299943878658 | namd-2.15-dtk2_hpcx_gcc7.3.1.tar             | 2023-11-15 10:36:21 | 1723181355721039873 | 11250      |
| 1724672233983799298 | hdf5-1.14.2-hpcx.tar                         | 2023-11-15 14:14:38 | 1724672360869892097 | 11276      |
| 1725049453508128769 | ncview-2.1.8-intel2017.tar                   | 2023-11-16 15:13:34 | 1727519628249657345 | 11276      |
| 1725049580437237762 | ncview-2.1.9-intel2017.tar                   | 2023-11-16 15:14:04 | 1727520768815132674 | 11276      |
| 1725096916034088962 | bcftools-1.10.2-none.tar                     | 2023-11-16 18:22:10 | 1725097023353753602 | 11250      |
| 1725119495210921985 | blast-2.10.0-none.tar                        | 2023-11-16 19:51:53 | 1725119931434242050 | 11250      |
| 1725119588517408770 | blast-2.13.0-none.tar                        | 2023-11-16 19:52:16 | 1727515725248458753 | 11250      |
| 1725395263862206465 | pegasim-2023.2-none.tar                      | 2023-11-17 14:07:42 |                NULL | 11250      |
| 1726936287746027521 | bedtools-2.29.1-none.tar                     | 2023-11-21 20:11:11 | 1722809132745236482 | 11250      |
| 1726936853498916865 | bedtools-2.30.0-none.tar                     | 2023-11-21 20:13:25 | 1722809132745236482 | 11250      |
| 1726937544243146753 | hisat2-2.0.5-none.tar                        | 2023-11-21 20:16:10 | 1723174963534635010 | 11250      |
| 1726937899537362946 | hisat2-2.1.0-none.tar                        | 2023-11-21 20:17:35 | 1723174963534635010 | 11250      |
| 1726938930691305473 | bowtie-1.2.3-none.tar                        | 2023-11-21 20:21:41 | 1722813932753944578 | 11250      |
| 1726939022907273218 | bowtie-1.3.1-none.tar                        | 2023-11-21 20:22:03 | 1722813932753944578 | 11250      |
| 1726940503487115266 | fftw-3.3.10-intelmpi2017_single.tar          | 2023-11-21 20:27:56 | 1722817988196048897 | 11250      |
| 1726940611071012865 | fftw-3.3.10-intelmpi2018_double.tar          | 2023-11-21 20:28:21 | 1722817988196048897 | 11250      |
| 1726940698580971522 | fftw-3.3.10-intelmpi2018_single.tar          | 2023-11-21 20:28:42 | 1722817988196048897 | 11250      |
| 1726940880757452802 | fftw-3.3.10-intelmpi2020_double.tar          | 2023-11-21 20:29:26 | 1722817988196048897 | 11250      |
| 1726940965381730305 | fftw-3.3.10-intelmpi2020_single.tar          | 2023-11-21 20:29:46 | 1722817988196048897 | 11250      |
| 1726941197708423169 | fftw-3.3.10-intelmpi2021_double.tar          | 2023-11-21 20:30:41 | 1722817988196048897 | 11250      |
| 1726941275742367745 | fftw-3.3.10-intelmpi2021_single.tar          | 2023-11-21 20:31:00 | 1722817988196048897 | 11250      |
| 1726941444160450561 | fftw-3.3.10-hpcx_double.tar                  | 2023-11-21 20:31:40 | 1722817988196048897 | 11250      |
| 1726941528924221442 | fftw-3.3.10-hpcx_single.tar                  | 2023-11-21 20:32:00 | 1722817988196048897 | 11250      |
| 1726943719817834497 | hdf5-1.14.2-intelmpi2017.tar                 | 2023-11-21 20:40:43 | 1722820194374787073 | 11250      |
| 1726943872268201986 | hdf5-1.14.2-intelmpi2018.tar                 | 2023-11-21 20:41:19 | 1722820194374787073 | 11250      |
| 1726943964476862466 | hdf5-1.14.2-intelmpi2020.tar                 | 2023-11-21 20:41:41 | 1722820194374787073 | 11250      |
| 1726944054193025025 | hdf5-1.14.2-intelmpi2021.tar                 | 2023-11-21 20:42:02 | 1722820194374787073 | 11250      |
| 1726945201830096897 | netcdf-4.6.1-intelmpi2017.tar                | 2023-11-21 20:46:36 | 1722821597525737474 | 11250      |
| 1726945289776263170 | netcdf-4.6.1-intelmpi2018.tar                | 2023-11-21 20:46:57 | 1722821597525737474 | 11250      |
| 1726945420609187841 | netcdf-4.6.1-intelmpi2020.tar                | 2023-11-21 20:47:28 | 1722821597525737474 | 11250      |
| 1726945541996539905 | netcdf-4.6.1-intelmpi2021.tar                | 2023-11-21 20:47:57 | 1722821597525737474 | 11250      |
| 1726948008633167874 | wrf-3.8-intelmpi2017.tar                     | 2023-11-21 20:57:45 | 1722868390011633666 | 11271      |
| 1726948900895846401 | wrf-4.0-intelmpi2017.tar                     | 2023-11-21 21:01:18 | 1722868390011633666 | 11250      |
| 1726949118579142658 | wrf-4.1-intelmpi2017.tar                     | 2023-11-21 21:02:10 | 1722868390011633666 | 11250      |
| 1726949216037990401 | wrf-4.2-intelmpi2017.tar                     | 2023-11-21 21:02:33 | 1722868390011633666 | 11250      |
| 1726949318769078273 | wrf-4.3-intelmpi2017.tar                     | 2023-11-21 21:02:57 | 1722868390011633666 | 11250      |
| 1726949409110192130 | wrf-4.4-intelmpi2017.tar                     | 2023-11-21 21:03:19 | 1722868390011633666 | 11250      |
| 1726949500772511746 | wrf-4.5-intelmpi2017.tar                     | 2023-11-21 21:03:41 | 1722868390011633666 | 11250      |
| 1726951277283635201 | namd-2.15-gcc7.3.1_dtk21.04.tar              | 2023-11-21 21:10:44 | 1723181355721039873 | 11250      |
| 1726951386071298050 | namd-2.15-hpcx_gcc7.3.1_dtk21.04.tar         | 2023-11-21 21:11:10 | 1723181355721039873 | 11250      |
| 1726953747334426625 | cp2k-2023.1-intelmpi_2018.tar                | 2023-11-21 21:20:33 | 1722561394443034625 | 11250      |
| 1726954295865503745 | cp2k-9.1-intelmpi_2018.tar                   | 2023-11-21 21:22:44 | 1722561394443034625 | 11250      |
| 1726954471510372353 | cp2k-9.1-intelmpi_2020.tar                   | 2023-11-21 21:23:26 | 1722561394443034625 | 11250      |
| 1726954560500920321 | cp2k-9.1-intelmpi_2021.tar                   | 2023-11-21 21:23:47 | 1722561394443034625 | 11250      |
| 1727134094369058818 | gromacs-2020.6-gcc7.3.1_intelmpi21.tar       | 2023-11-22 09:17:11 | 1722806901069324290 | 11250      |
| 1727134452214493185 | gromacs-2020.7-gcc7.3.1_intelmpi21.tar       | 2023-11-22 09:18:37 | 1722806901069324290 | 11250      |
| 1727134801751011329 | gromacs-2020.4-hpcx_gcc7.3.1.tar             | 2023-11-22 09:20:00 | 1722806901069324290 | 11250      |
| 1727134940498587650 | gromacs-2020.5-hpcx_gcc7.3.1.tar             | 2023-11-22 09:20:33 | 1722806901069324290 | 11250      |
| 1727135041166077954 | gromacs-2020.6-hpcx_gcc7.3.1.tar             | 2023-11-22 09:20:57 | 1722806901069324290 | 11250      |
| 1727135117535965185 | gromacs-2020.7-hpcx_gcc7.3.1.tar             | 2023-11-22 09:21:15 | 1722806901069324290 | 11250      |
| 1727147965154684929 | openfoam-10-gcc930.tar                       | 2023-11-22 10:12:18 | 1727148595579555842 | 11250      |
| 1727147967105036289 | openfoam-11-gcc930.tar                       | 2023-11-22 10:12:19 | 1727148595579555842 | 11250      |
| 1727147968728231937 | openfoam-7-intel2021.tar                     | 2023-11-22 10:12:19 | 1727148595579555842 | 11250      |
| 1727147975388786689 | abaqus-2017-none.tar                         | 2023-11-22 10:12:21 | 1727148600441753602 | 11250      |
| 1727147978363629569 | abaqus-2020-none.tar                         | 2023-11-22 10:12:22 | 1727148600441753602 | 11250      |
| 1727147980213317633 | cfx-19.2-none.tar                            | 2023-11-22 10:12:22 | 1727148612256108546 | 11250      |
| 1727147982196142082 | cfx-2020r2-none.tar                          | 2023-11-22 10:12:22 | 1727148612256108546 | 11250      |
| 1727147983782670337 | cfx-2021r1-none.tar                          | 2023-11-22 10:12:23 | 1727148612256108546 | 11250      |
| 1727147985267453953 | cfx-2022r1-none.tar                          | 2023-11-22 10:12:23 | 1727148612256108546 | 11250      |
| 1727147986349584386 | fluent-19.2-none.tar                         | 2023-11-22 10:12:23 | 1727148616539492354 | 11271      |
| 1727147988185608193 | fluent-2020r2-none.tar                       | 2023-11-22 10:12:24 | 1727148616539492354 | 11250      |
| 1727147989327540225 | fluent-2021r1-none.tar                       | 2023-11-22 10:12:24 | 1727148616539492354 | 11250      |
| 1727147991290474497 | fluent-2022r1-none.tar                       | 2023-11-22 10:12:25 | 1727148616539492354 | 11250      |
| 1727147992481656833 | mechanical-19.2-none.tar                     | 2023-11-22 10:12:25 | 1727148619281567745 | 11250      |
| 1727147993667563521 | mechanical-2020r2-none.tar                   | 2023-11-22 10:12:25 | 1727148619281567745 | 11250      |
| 1727147994943713281 | mechanical-2021r1-none.tar                   | 2023-11-22 10:12:26 | 1727148619281567745 | 11250      |
| 1727147996360306689 | mechanical-2022r1-none.tar                   | 2023-11-22 10:12:26 | 1727148619281567745 | 11250      |
| 1727147997724536833 | hcephes-0.4.1-gcc731.tar                     | 2023-11-22 10:12:26 | 1727148622298271746 | 11250      |
| 1727147999150600194 | hcephes-0.4.1-intel2017.tar                  | 2023-11-22 10:12:27 | 1727148622298271746 | 11250      |
| 1727148000840904705 | hcephes-0.4.1-intel2018.tar                  | 2023-11-22 10:12:27 | 1727148622298271746 | 11250      |
| 1727148002342465538 | hcephes-0.4.1-intel2020.tar                  | 2023-11-22 10:12:27 | 1727148622298271746 | 11250      |
| 1727148003818860545 | hcephes-0.4.1-intel2021.tar                  | 2023-11-22 10:12:28 | 1727148622298271746 | 11250      |
| 1727148005916012546 | ioapi-3.2-hpcx_static.tar                    | 2023-11-22 10:12:28 | 1727148625287811074 | 11250      |
| 1727148008339238914 | ioapi-3.2-intelmpi2017_static.tar            | 2023-11-22 10:12:29 | 1727148625287811074 | 11250      |
| 1727148011216531457 | ioapi-3.2-intelmpi2018_static.tar            | 2023-11-22 10:12:29 | 1727148625287811074 | 11250      |
| 1727148012961361921 | ioapi-3.2-intelmpi2020_static.tar            | 2023-11-22 10:12:30 | 1727148625287811074 | 11250      |
| 1727148019336704001 | ioapi-3.2-intelmpi2021_static.tar            | 2023-11-22 10:12:31 | 1727148625287811074 | 11250      |
| 1727148021509353473 | jpeg-9e-gcc731.tar                           | 2023-11-22 10:12:32 | 1727148628295127042 | 11250      |
| 1727148022672257026 | jpeg-9e-intel2017.tar                        | 2023-11-22 10:12:32 | 1727148628295127042 | 11250      |
| 1727148027558621185 | jpeg-9e-intel2018.tar                        | 2023-11-22 10:12:33 | 1727148628295127042 | 11250      |
| 1727148032691367937 | jpeg-9e-intel2020.tar                        | 2023-11-22 10:12:34 | 1727148628295127042 | 11250      |
| 1727148036102418434 | jpeg-9e-intel2021.tar                        | 2023-11-22 10:12:35 | 1727148628295127042 | 11250      |
| 1727148039188344833 | lapack-3.11-gcc731.tar                       | 2023-11-22 10:12:36 | 1727148631446048769 | 11271      |
| 1727148042892996610 | leptonica-1.83.1-gcc731.tar                  | 2023-11-22 10:12:37 | 1727148635161202689 | 11250      |
| 1727148045370748929 | leptonica-1.83.1-intel2017.tar               | 2023-11-22 10:12:38 | 1727148635161202689 | 11250      |
| 1727148047010721794 | leptonica-1.83.1-intel2018.tar               | 2023-11-22 10:12:38 | 1727148635161202689 | 11250      |
| 1727148049507414017 | leptonica-1.83.1-intel2020.tar               | 2023-11-22 10:12:39 | 1727148635161202689 | 11250      |
| 1727148052242100226 | leptonica-1.83.1-intel2021.tar               | 2023-11-22 10:12:39 | 1727148635161202689 | 11250      |
| 1727148053542334465 | nlopt-2.7.0-gcc731.tar                       | 2023-11-22 10:12:39 | 1727148638249209857 | 11250      |
| 1727148054975705090 | nlopt-2.7.0-intel2017.tar                    | 2023-11-22 10:12:40 | 1727148638249209857 | 11250      |
| 1727148061524094978 | nlopt-2.7.0-intel2018.tar                    | 2023-11-22 10:12:41 | 1727148638249209857 | 11250      |
| 1727148063268925441 | nlopt-2.7.0-intel2020.tar                    | 2023-11-22 10:12:42 | 1727148638249209857 | 11250      |
| 1727148065181528066 | nlopt-2.7.0-intel2021.tar                    | 2023-11-22 10:12:42 | 1727148638249209857 | 11250      |
| 1727148067667668993 | petsc-3.19.5-hpcx.tar                        | 2023-11-22 10:12:43 | 1727148641264914433 | 11250      |
| 1727148073154899969 | petsc-3.19.5-intelmpi2020.tar                | 2023-11-22 10:12:44 | 1727148641264914433 | 11250      |
| 1727148075783647234 | petsc-3.19.5-intelmpi2021.tar                | 2023-11-22 10:12:45 | 1727148641264914433 | 11250      |
| 1727148078301310978 | pnetcdf-1.12.3-hpcx.tar                      | 2023-11-22 10:12:45 | 1727148644342534145 | 11250      |
| 1727148079526047745 | pnetcdf-1.12.3-intelmpi2017.tar              | 2023-11-22 10:12:46 | 1727148644342534145 | 11271      |
| 1727148080620761090 | pnetcdf-1.12.3-intelmpi2018.tar              | 2023-11-22 10:12:46 | 1727148644342534145 | 11250      |
| 1727148082091880450 | pnetcdf-1.12.3-intelmpi2020.tar              | 2023-11-22 10:12:46 | 1727148644342534145 | 11250      |
| 1727148083506442241 | pnetcdf-1.12.3-intelmpi2021.tar              | 2023-11-22 10:12:47 | 1727148644342534145 | 11250      |
| 1727148084789899265 | scotch-7.0.1-hpcx.tar                        | 2023-11-22 10:12:47 | 1727148648407814145 | 11250      |
| 1727148086224351234 | scotch-7.0.1-intelmpi2017.tar                | 2023-11-22 10:12:47 | 1727148648407814145 | 11271      |
| 1727148087640944642 | scotch-7.0.1-intelmpi2018.tar                | 2023-11-22 10:12:48 | 1727148648407814145 | 11250      |
| 1727148088962150401 | scotch-7.0.1-intelmpi2020.tar                | 2023-11-22 10:12:48 | 1727148648407814145 | 11250      |
| 1727148090480488450 | scotch-7.0.1-intelmpi2021.tar                | 2023-11-22 10:12:48 | 1727148648407814145 | 11250      |
| 1727148091621339138 | sparskit-2-gcc731_static.tar                 | 2023-11-22 10:12:49 | 1727148651217997826 | 11250      |
| 1727148092741218305 | sparskit-2-intel2017_static.tar              | 2023-11-22 10:12:49 | 1727148651217997826 | 11250      |
| 1727148094137921537 | sparskit-2-intel2018_static.tar              | 2023-11-22 10:12:49 | 1727148651217997826 | 11250      |
| 1727148095388905473 | sparskit-2-intel2020_static.tar              | 2023-11-22 10:12:49 | 1727148651217997826 | 11250      |
| 1727148097360228354 | sparskit-2-intel2021_static.tar              | 2023-11-22 10:12:50 | 1727148651217997826 | 11250      |
| 1727148098639491074 | zlib-1.3-gcc731.tar                          | 2023-11-22 10:12:50 | 1727148654455001090 | 11250      |
| 1727148100191383554 | zlib-1.3-intel2017.tar                       | 2023-11-22 10:12:51 | 1727148654455001090 | 11250      |
| 1727148101621641218 | zlib-1.3-intel2018.tar                       | 2023-11-22 10:12:51 | 1727148654455001090 | 11271      |
| 1727148105055694849 | zlib-1.3-intel2020.tar                       | 2023-11-22 10:12:52 | 1727148654455001090 | 11250      |
| 1727148106221711361 | zlib-1.3-intel2021.tar                       | 2023-11-22 10:12:52 | 1727148654455001090 | 11250      |
| 1727148109174501378 | lammps-5Jun2019-hpcx_gcc7.3.1.tar            | 2023-11-22 10:12:53 | 1727148661732118529 | 11250      |
| 1727148111675387906 | lammps-7Aug2019-hpcx_gcc7.3.1.tar            | 2023-11-22 10:12:53 | 1727148661732118529 | 11250      |
| 1727148114997276674 | lammps-15Apr2020-intelmpi2018.tar            | 2023-11-22 10:12:54 | 1727148665662181378 | 11250      |
| 1727148116817604609 | lammps-15Jun2020-intelmpi2018.tar            | 2023-11-22 10:12:55 | 1727148665662181378 | 11250      |
| 1727148122702213122 | lammps-18Feb2020-intelmpi2018.tar            | 2023-11-22 10:12:56 | 1727148665662181378 | 11250      |
| 1727148124694507521 | lammps-18Sep2020-intelmpi2018.tar            | 2023-11-22 10:12:56 | 1727148665662181378 | 11250      |
| 1727148126711967745 | lammps-19Mar2020-intelmpi2018.tar            | 2023-11-22 10:12:57 | 1727148665662181378 | 11250      |
| 1727148127865401346 | lammps-21Jul2020-intelmpi2018.tar            | 2023-11-22 10:12:57 | 1727148665662181378 | 11250      |
| 1727148130204741633 | lammps-22Oct2020-intelmpi2018.tar            | 2023-11-22 10:12:58 | 1727148665662181378 | 11250      |
| 1727148131370758146 | lammps-24Aug2020-intelmpi2021.tar            | 2023-11-22 10:12:58 | 1727148665662181378 | 11250      |
| 1727148132574523394 | lammps-24Dec2020-intelmpi2018.tar            | 2023-11-22 10:12:58 | 1727148665662181378 | 11250      |
| 1727148133786677250 | lammps-24Jan2020-intelmpi2018.tar            | 2023-11-22 10:12:59 | 1727148665662181378 | 11250      |
| 1727148136203677697 | lammps-27Feb2020-intelmpi2018.tar            | 2023-11-22 10:12:59 | 1727148665662181378 | 11250      |
| 1727148137259560961 | lammps-29Oct2020-intelmpi2018.tar            | 2023-11-22 10:12:59 | 1727148665662181378 | 11250      |
| 1727148139718504450 | lammps-2Jun2020-intelmpi2018.tar             | 2023-11-22 10:13:00 | 1727148665662181378 | 11250      |
| 1727148141689827330 | lammps-30Jun2020-intelmpi2018.tar            | 2023-11-22 10:13:00 | 1727148665662181378 | 11250      |
| 1727148147016593409 | lammps-30Nov2020-intelmpi2018.tar            | 2023-11-22 10:13:02 | 1727148665662181378 | 11250      |
| 1727148149055025154 | lammps-3Mar2020-intelmpi2018.tar             | 2023-11-22 10:13:02 | 1727148665662181378 | 11250      |
| 1727148151080873986 | lammps-4Feb2020-intelmpi2018.tar             | 2023-11-22 10:13:03 | 1727148665662181378 | 11250      |
| 1727148152498548738 | lammps-5May2020-intelmpi2018.tar             | 2023-11-22 10:13:03 | 1727148665662181378 | 11250      |
| 1727148153647788034 | lammps-9Jan2020-intelmpi2018.tar             | 2023-11-22 10:13:03 | 1727148665662181378 | 11250      |
| 1727148155072770050 | lammps-9Oct2020-intelmpi2018.tar             | 2023-11-22 10:13:04 | 1727148665662181378 | 11250      |
| 1727148160270594050 | lammps-15Apr2020-hpcx_gcc7.3.1.tar           | 2023-11-22 10:13:05 | 1727148668934737921 | 11250      |
| 1727148161369501698 | lammps-15Jun2020-hpcx_gcc7.3.1.tar           | 2023-11-22 10:13:05 | 1727148668934737921 | 11250      |
| 1727148163110137857 | lammps-18Feb2020-hpcx_gcc7.3.1.tar           | 2023-11-22 10:13:06 | 1727148668934737921 | 11250      |
| 1727148164413485057 | lammps-18Sep2020-hpcx_gcc7.3.1.tar           | 2023-11-22 10:13:06 | 1727148668934737921 | 11250      |
| 1727148165474643969 | lammps-19Mar2020-hpcx_gcc7.3.1.tar           | 2023-11-22 10:13:06 | 1727148668934737921 | 11250      |
| 1727148166545272833 | lammps-21Jul2020-hpcx_gcc7.3.1.tar           | 2023-11-22 10:13:06 | 1727148668934737921 | 11250      |
| 1727148171314196482 | lammps-22Oct2020-hpcx_gcc7.3.1.tar           | 2023-11-22 10:13:08 | 1727148668934737921 | 11250      |
| 1727148172986642433 | lammps-24Aug2020-hpcx_gcc7.3.1.tar           | 2023-11-22 10:13:08 | 1727148668934737921 | 11250      |
| 1727148174765027330 | lammps-24Dec2020-hpcx_gcc7.3.1.tar           | 2023-11-22 10:13:08 | 1727148668934737921 | 11250      |
| 1727148176291753986 | lammps-24Jan2020-hpcx_gcc7.3.1.tar           | 2023-11-22 10:13:09 | 1727148668934737921 | 11250      |
| 1727148177727287297 | lammps-27Feb2020-hpcx_gcc7.3.1.tar           | 2023-11-22 10:13:09 | 1727148668934737921 | 11250      |
| 1727148179563311106 | lammps-29Oct2020-hpcx_gcc7.3.1.tar           | 2023-11-22 10:13:10 | 1727148668934737921 | 11250      |
| 1727148181186506753 | lammps-2Jun2020-hpcx_gcc7.3.1.tar            | 2023-11-22 10:13:10 | 1727148668934737921 | 11250      |
| 1727148182429102082 | lammps-30Jun2020-hpcx_gcc7.3.1.tar           | 2023-11-22 10:13:10 | 1727148668934737921 | 11250      |
| 1727148183757615105 | lammps-30Nov2020-hpcx_gcc7.3.1.tar           | 2023-11-22 10:13:11 | 1727148668934737921 | 11250      |
| 1727148185012793345 | lammps-3Mar2020-hpcx_gcc7.3.1.tar            | 2023-11-22 10:13:11 | 1727148668934737921 | 11250      |
| 1727148186208169985 | lammps-4Feb2020-hpcx_gcc7.3.1.tar            | 2023-11-22 10:13:11 | 1727148668934737921 | 11250      |
| 1727148187217915905 | lammps-5May2020-hpcx_gcc7.3.1.tar            | 2023-11-22 10:13:11 | 1727148668934737921 | 11250      |
| 1727148188552785922 | lammps-9Jan2020-hpcx_gcc7.3.1.tar            | 2023-11-22 10:13:12 | 1727148668934737921 | 11250      |
| 1727148189794299906 | lammps-9Oct2020-hpcx_gcc7.3.1.tar            | 2023-11-22 10:13:12 | 1727148668934737921 | 11250      |
| 1727148190820823041 | lammps-10Feb2021-intelmpi2018.tar            | 2023-11-22 10:13:12 | 1727148673069322241 | 11250      |
| 1727148191857897473 | lammps-10Mar2021-intelmpi2018.tar            | 2023-11-22 10:13:12 | 1727148673069322241 | 11250      |
| 1727148193895247874 | lammps-20Sep2021-intelmpi2018.tar            | 2023-11-22 10:13:13 | 1727148673069322241 | 11250      |
| 1727148196101451777 | lammps-27May2021-intelmpi2021.tar            | 2023-11-22 10:13:13 | 1727148673069322241 | 11250      |
| 1727148197289521154 | lammps-27Oct2021-intelmpi2018.tar            | 2023-11-22 10:13:14 | 1727148673069322241 | 11250      |
| 1727148198447149057 | lammps-28Jul2021-intelmpi2021.tar            | 2023-11-22 10:13:14 | 1727148673069322241 | 11250      |
| 1727148199687581697 | lammps-29Sep2021-intelmpi2018.tar            | 2023-11-22 10:13:14 | 1727148673069322241 | 11250      |
| 1727148200745627649 | lammps-2Jul2021-intelmpi2018.tar             | 2023-11-22 10:13:15 | 1727148673069322241 | 11250      |
| 1727148201780539393 | lammps-30Jul2021-intelmpi2018.tar            | 2023-11-22 10:13:15 | 1727148673069322241 | 11250      |
| 1727148202863751169 | lammps-31Aug2021-intelmpi2018.tar            | 2023-11-22 10:13:15 | 1727148673069322241 | 11250      |
| 1727148204243677185 | lammps-8Apr2021-intelmpi2018.tar             | 2023-11-22 10:13:15 | 1727148673069322241 | 11250      |
| 1727148205300641794 | lammps-10Feb2021-hpcx_gcc7.3.1.tar           | 2023-11-22 10:13:16 | 1727148677092659202 | 11250      |
| 1727148206687875073 | lammps-10Mar2021-hpcx_gcc7.3.1.tar           | 2023-11-22 10:13:16 | 1727148677092659202 | 11250      |
| 1727148207862280193 | lammps-14Dec2021-hpcx_gcc7.3.1.tar           | 2023-11-22 10:13:16 | 1727148677092659202 | 11250      |
| 1727148208966463489 | lammps-20Sep2021-hpcx_gcc7.3.1.tar           | 2023-11-22 10:13:17 | 1727148677092659202 | 11250      |
| 1727148210903150593 | lammps-27May2021-hpcx_gcc7.3.1.tar           | 2023-11-22 10:13:17 | 1727148677092659202 | 11250      |
| 1727148212136275969 | lammps-27Oct2021-hpcx_gcc7.3.1.tar           | 2023-11-22 10:13:17 | 1727148677092659202 | 11250      |
| 1727148213319069698 | lammps-28Jul2021-hpcx_gcc7.3.1.tar           | 2023-11-22 10:13:18 | 1727148677092659202 | 11250      |
| 1727148214426365953 | lammps-29Sep2021-hpcx_gcc7.3.1.tar           | 2023-11-22 10:13:18 | 1727148677092659202 | 11250      |
| 1727148215622823937 | lammps-2Jul2021-hpcx_gcc7.3.1.tar            | 2023-11-22 10:13:18 | 1727148677092659202 | 11250      |
| 1727148216754204674 | lammps-30Jul2021-hpcx_gcc7.3.1.tar           | 2023-11-22 10:13:18 | 1727148677092659202 | 11250      |
| 1727148218020884482 | lammps-31Aug2021-hpcx_gcc7.3.1.tar           | 2023-11-22 10:13:19 | 1727148677092659202 | 11250      |
| 1727148219204759554 | lammps-8Apr2021-hpcx_gcc7.3.1.tar            | 2023-11-22 10:13:19 | 1727148677092659202 | 11250      |
| 1727148220474552322 | lammps-15Sep2022-intelmpi2021.tar            | 2023-11-22 10:13:19 | 1727148680954613762 | 11250      |
| 1727148221791563777 | lammps-17Feb2022-intelmpi2018.tar            | 2023-11-22 10:13:20 | 1727148680954613762 | 11250      |
| 1727148226469294082 | lammps-22Dec2022-intelmpi2018.tar            | 2023-11-22 10:13:21 | 1727148680954613762 | 11250      |
| 1727148228145934338 | lammps-23Jun2022-intelmpi2018.tar            | 2023-11-22 10:13:21 | 1727148680954613762 | 11250      |
| 1727148229430472706 | lammps-24Mar2022-intelmpi2018.tar            | 2023-11-22 10:13:21 | 1727148680954613762 | 11250      |
| 1727148230936227842 | lammps-2Jun2022-intelmpi2018.tar             | 2023-11-22 10:13:22 | 1727148680954613762 | 11250      |
| 1727148232310878210 | lammps-3Aug2022-intelmpi2021.tar             | 2023-11-22 10:13:22 | 1727148680954613762 | 11250      |
| 1727148233360535554 | lammps-3Nov2022-intelmpi2018.tar             | 2023-11-22 10:13:22 | 1727148680954613762 | 11250      |
| 1727148234367168513 | lammps-4May2022-intelmpi2018.tar             | 2023-11-22 10:13:23 | 1727148680954613762 | 11250      |
| 1727148236056391681 | lammps-7Jan2022-intelmpi2021.tar             | 2023-11-22 10:13:23 | 1727148680954613762 | 11250      |
| 1727148237101854722 | lammps-15Sep2022-hpcx_gcc7.3.1.tar           | 2023-11-22 10:13:23 | 1727148684066787329 | 11250      |
| 1727148238380036097 | lammps-17Feb2022-hpcx_gcc7.3.1.tar           | 2023-11-22 10:13:24 | 1727148684066787329 | 11250      |
| 1727148239408721922 | lammps-22Dec2022-hpcx_gcc7.3.1.tar           | 2023-11-22 10:13:24 | 1727148684066787329 | 11250      |
| 1727148240528601089 | lammps-23Jun2022-hpcx_gcc7.3.1.tar           | 2023-11-22 10:13:24 | 1727148684066787329 | 11250      |
| 1727148241769033729 | lammps-24Mar2022-hpcx_gcc7.3.1.tar           | 2023-11-22 10:13:24 | 1727148684066787329 | 11250      |
| 1727148242827079682 | lammps-2Jun2022-hpcx_gcc7.3.1.tar            | 2023-11-22 10:13:25 | 1727148684066787329 | 11250      |
| 1727148243825324034 | lammps-3Aug2022-hpcx_gcc7.3.1.tar            | 2023-11-22 10:13:25 | 1727148684066787329 | 11250      |
| 1727148245682319361 | lammps-3Nov2022-hpcx_gcc7.3.1.tar            | 2023-11-22 10:13:25 | 1727148684066787329 | 11250      |
| 1727148247175491586 | lammps-4May2022-hpcx_gcc7.3.1.tar            | 2023-11-22 10:13:26 | 1727148684066787329 | 11250      |
| 1727148248522944513 | lammps-7Jan2022-hpcx_gcc7.3.1.tar            | 2023-11-22 10:13:26 | 1727148684066787329 | 11250      |
| 1727148249801125890 | lammps-15Jun2023-intelmpi2018.tar            | 2023-11-22 10:13:26 | 1727148687648722945 | 11250      |
| 1727148251089858562 | lammps-28Mar2023-intelmpi2018.tar            | 2023-11-22 10:13:27 | 1727148687648722945 | 11250      |
| 1727148252468703234 | lammps-2Aug2023-intelmpi2018.tar             | 2023-11-22 10:13:27 | 1727148687648722945 | 11250      |
| 1727148253542445057 | lammps-8Feb2023-intelmpi2021.tar             | 2023-11-22 10:13:27 | 1727148687648722945 | 11250      |
| 1727148254629851137 | lammps-15Jun2023-hpcx_gcc7.3.1.tar           | 2023-11-22 10:13:27 | 1727148690598318082 | 11250      |
| 1727148256131411970 | lammps-28Mar2023-hpcx_gcc7.3.1.tar           | 2023-11-22 10:13:28 | 1727148690598318082 | 11250      |
| 1727148257293234178 | lammps-2Aug2023-hpcx_gcc7.3.1.tar            | 2023-11-22 10:13:28 | 1727148690598318082 | 11250      |
| 1727148258353311746 | lammps-8Feb2023-hpcx_gcc7.3.1.tar            | 2023-11-22 10:13:28 | 1727148690598318082 | 11250      |
| 1727148259775180802 | gromacs-2018.8-hpcx_gcc7.3.1.tar             | 2023-11-22 10:13:29 | 1727148698788794370 | 11250      |
| 1727148260896141314 | gromacs-2019.6-hpcx_gcc7.3.1.tar             | 2023-11-22 10:13:29 | 1727148698788794370 | 11250      |
| 1727148261977190401 | gromacs-2021.1-gcc7.3.1_intelmpi21.tar       | 2023-11-22 10:13:29 | 1727148702530113538 | 11250      |
| 1727148263374974978 | gromacs-2021.2-gcc7.3.1_intelmpi21.tar       | 2023-11-22 10:13:29 | 1727148702530113538 | 11250      |
| 1727148264577658881 | gromacs-2021.3-gcc7.3.1_intelmpi21.tar       | 2023-11-22 10:13:30 | 1727148702530113538 | 11250      |
| 1727148270109945858 | gromacs-2021.4-gcc7.3.1_intelmpi21.tar       | 2023-11-22 10:13:31 | 1727148702530113538 | 11250      |
| 1727148271868440577 | gromacs-2021.5-gcc7.3.1_intelmpi21.tar       | 2023-11-22 10:13:32 | 1727148702530113538 | 11250      |
| 1727148273483247617 | gromacs-2021.6-gcc7.3.1_intelmpi21.tar       | 2023-11-22 10:13:32 | 1727148702530113538 | 11250      |
| 1727148275117944833 | gromacs-2021.7-gcc7.3.1_intelmpi21.tar       | 2023-11-22 10:13:32 | 1727148702530113538 | 11250      |
| 1727148276372041730 | gromacs-2021-gcc7.3.1_intelmpi21.tar         | 2023-11-22 10:13:33 | 1727148702530113538 | 11250      |
| 1727148277437394946 | gromacs-2021.1-hpcx_gcc7.3.1.tar             | 2023-11-22 10:13:33 | 1727148702530113538 | 11250      |
| 1727148278474469377 | gromacs-2021.2-hpcx_gcc7.3.1.tar             | 2023-11-22 10:13:33 | 1727148702530113538 | 11250      |
| 1727148279686623233 | gromacs-2021.3-hpcx_gcc7.3.1.tar             | 2023-11-22 10:13:33 | 1727148702530113538 | 11250      |
| 1727148280767672321 | gromacs-2021.4-hpcx_gcc7.3.1.tar             | 2023-11-22 10:13:34 | 1727148702530113538 | 11250      |
| 1727148281976713218 | gromacs-2021.5-hpcx_gcc7.3.1.tar             | 2023-11-22 10:13:34 | 1727148702530113538 | 11250      |
| 1727148283103899650 | gromacs-2021.6-hpcx_gcc7.3.1.tar             | 2023-11-22 10:13:34 | 1727148702530113538 | 11250      |
| 1727148284123115521 | gromacs-2021.7-hpcx_gcc7.3.1.tar             | 2023-11-22 10:13:34 | 1727148702530113538 | 11250      |
| 1727148285347852289 | gromacs-2022.1-hpcx_gcc7.3.1.tar             | 2023-11-22 10:13:35 | 1727148705684230145 | 11250      |
| 1727148286376538114 | gromacs-2022.2-hpcx_gcc7.3.1.tar             | 2023-11-22 10:13:35 | 1727148705684230145 | 11271      |
| 1727148288061566977 | gromacs-2022.3-hpcx_gcc7.3.1.tar             | 2023-11-22 10:13:35 | 1727148705684230145 | 11250      |
| 1727148289194029057 | gromacs-2022.4-hpcx_gcc7.3.1.tar             | 2023-11-22 10:13:36 | 1727148705684230145 | 11250      |
| 1727148290288742402 | gromacs-2022.5-hpcx_gcc7.3.1.tar             | 2023-11-22 10:13:36 | 1727148705684230145 | 11250      |
| 1727148291404427265 | gromacs-2022-hpcx_gcc7.3.1.tar               | 2023-11-22 10:13:36 | 1727148705684230145 | 11250      |
| 1727148292445696002 | gromacs-2023.1-gcc930_intelmpi17.tar         | 2023-11-22 10:13:36 | 1727148714828812289 | 11250      |
| 1727148293636878338 | gromacs-2023.2-gcc930_intelmpi17.tar         | 2023-11-22 10:13:37 | 1727148714828812289 | 11250      |
| 1727148296677748738 | gromacs-2023-gcc930_intelmpi17.tar           | 2023-11-22 10:13:37 | 1727148714828812289 | 11250      |
| 1727148298232754178 | qe-6.1-intelmpi_2017.tar                     | 2023-11-22 10:13:38 | 1727148721728442370 | 11250      |
| 1727148299479543810 | qe-6.4.1-hpcx_intel2017.tar                  | 2023-11-22 10:13:38 | 1727148721728442370 | 11250      |
| 1727148300732559362 | qe-6.4.1-intel2021.tar                       | 2023-11-22 10:13:38 | 1727148721728442370 | 11250      |
| 1727148301810495489 | qe-6.4.1-intelmpi_2017.tar                   | 2023-11-22 10:13:39 | 1727148721728442370 | 11250      |
| 1727148302984900609 | qe-6.4-intelmpi_2017.tar                     | 2023-11-22 10:13:39 | 1727148721728442370 | 11250      |
| 1727148303992614914 | qe-6.5-hpcx_intel2017.tar                    | 2023-11-22 10:13:39 | 1727148721728442370 | 11250      |
| 1727148305318014977 | qe-6.5-intel2021.tar                         | 2023-11-22 10:13:40 | 1727148721728442370 | 11250      |
| 1727148307452915714 | qe-6.5-intelmpi_2017.tar                     | 2023-11-22 10:13:40 | 1727148721728442370 | 11250      |
| 1727148308655599617 | qe-6.6-gcc731.tar                            | 2023-11-22 10:13:40 | 1727148721728442370 | 11250      |
| 1727148309877223426 | qe-6.6-hpcx_intel2017.tar                    | 2023-11-22 10:13:41 | 1727148721728442370 | 11250      |
| 1727148311117656065 | qe-6.6-intel2021.tar                         | 2023-11-22 10:13:41 | 1727148721728442370 | 11250      |
| 1727148312347668481 | qe-6.6-intelmpi_2017.tar                     | 2023-11-22 10:13:41 | 1727148721728442370 | 11250      |
| 1727148313495826434 | qe-6.7-gcc731.tar                            | 2023-11-22 10:13:41 | 1727148721728442370 | 11250      |
| 1727148318462963714 | qe-6.7-intel2021.tar                         | 2023-11-22 10:13:43 | 1727148721728442370 | 11250      |
| 1727148320429010946 | qe-6.7-intelmpi_2017.tar                     | 2023-11-22 10:13:43 | 1727148721728442370 | 11250      |
| 1727148322106732546 | qe-6.8-gcc731.tar                            | 2023-11-22 10:13:43 | 1727148721728442370 | 11250      |
| 1727148323613569025 | qe-6.8-hpcx_intel2017.tar                    | 2023-11-22 10:13:44 | 1727148721728442370 | 11250      |
| 1727148324854001666 | qe-6.8-intel2021.tar                         | 2023-11-22 10:13:44 | 1727148721728442370 | 11250      |
| 1727148326016905217 | qe-6.8-intelmpi_2017.tar                     | 2023-11-22 10:13:44 | 1727148721728442370 | 11250      |
| 1727148327065481218 | qe-7.0-intel2021.tar                         | 2023-11-22 10:13:45 | 1727148726413479938 | 11250      |
| 1727148328167501826 | qmcpack-3.9.1-hpcx_gcc_7.3.1.tar             | 2023-11-22 10:13:45 | 1727148732054818817 | 11271      |
| 1727148330289819650 | ncl-6.6.2-gcc4.8.5.tar                       | 2023-11-22 10:13:45 | 1727148734663675905 | 11271      |
| 1727148331444334593 | ncl_ncarg-6.5.0-gcc_4.8.5.tar                | 2023-11-22 10:13:46 | 1727148734663675905 | 11271      |
| 1727148332508606466 | nco-4.6.7-intel2017.tar                      | 2023-11-22 10:13:46 | 1727148737402556417 | 11250      |
| 1727148333587623937 | nco-4.7.8-intel2017.tar                      | 2023-11-22 10:13:46 | 1727148737402556417 | 11250      |
| 1727148334606839810 | beast-2.7.5-none.tar                         | 2023-11-22 10:13:46 | 1727148740338569217 | 11250      |
| 1727148335626055681 | bismark-0.22.3-none.tar                      | 2023-11-22 10:13:47 | 1727148743106809857 | 11250      |
| 1727148336807768066 | bowtie2-2.3.5.1-none.tar                     | 2023-11-22 10:13:47 | 1727148747179479042 | 11250      |
| 1727148337849036801 | bowtie2-2.4.4-none.tar                       | 2023-11-22 10:13:47 | 1727148747179479042 | 11250      |
| 1727148339211104257 | bowtie2-2.5.1-none.tar                       | 2023-11-22 10:13:48 | 1727148747179479042 | 11250      |
| 1727148340705357826 | crest-2.12-none.tar                          | 2023-11-22 10:13:48 | 1727148750219350018 | 11250      |
| 1727148341892345857 | ctk-1.1.4-none.tar                           | 2023-11-22 10:13:48 | 1727148753113419777 | 11250      |
| 1727148342940921858 | diamond-2.1.8-none.tar                       | 2023-11-22 10:13:48 | 1727148755986518018 | 11250      |
| 1727148345045381122 | fastp-0.19.10-gcc731.tar                     | 2023-11-22 10:13:49 | 1727148762211864577 | 11250      |
| 1727148346678046722 | fastphase-1.4.8-none.tar                     | 2023-11-22 10:13:49 | 1727148765772828674 | 11250      |
| 1727148347927949313 | fastq_multx-1.03-gcc731.tar                  | 2023-11-22 10:13:50 | 1727148769139855362 | 11250      |
| 1727148349235490817 | fasttree-2.1.11-gcc731.tar                   | 2023-11-22 10:13:50 | 1727148771925872641 | 11250      |
| 1727148350439256066 | fastx_toolkit-0.0.14-gcc485.tar              | 2023-11-22 10:13:50 | 1727148774429872129 | 11250      |
| 1727148351554940930 | featurecounts-2.0.6-gcc731.tar               | 2023-11-22 10:13:51 | 1727148776865763329 | 11250      |
| 1727148352688484354 | flash-1.2.11-gcc731.tar                      | 2023-11-22 10:13:51 | 1727148779264905217 | 11271      |
| 1727148353735979010 | genetack_gt-1.00-gcc731.tar                  | 2023-11-22 10:13:51 | 1727148781681823745 | 11250      |
| 1727148355103322114 | genometools-1.6.2-gcc731.tar                 | 2023-11-22 10:13:51 | 1727148785619275777 | 11250      |
| 1727148356283002882 | glimmer-3.02b-gcc731.tar                     | 2023-11-22 10:13:52 | 1727148788426264577 | 11250      |
| 1727148358220771330 | glimmerhmm-3.0.4-gcc731.tar                  | 2023-11-22 10:13:52 | 1727148790821212161 | 11250      |
| 1727148359536701441 | gmap_gsnap-20230720-gcc731.tar               | 2023-11-22 10:13:52 | 1727148793311629314 | 11250      |
| 1727148360682827778 | hlaminer-1.4-none.tar                        | 2023-11-22 10:13:53 | 1727148796529659906 | 11250      |
| 1727148362180194305 | bowtie2-2.4.5-none.tar                       | 2023-11-22 10:13:53 | 1727148747179479042 | 11250      |
| 1727148367284662274 | lastz-1.03.73-none.tar                       | 2023-11-22 10:13:54 | 1727148799662804994 | 11250      |
| 1727148369275875329 | lastz-1.04.15-none.tar                       | 2023-11-22 10:13:55 | 1727148799662804994 | 11250      |
| 1727148371017592834 | manta-1.6.0-none.tar                         | 2023-11-22 10:13:55 | 1727148805747740673 | 11250      |
| 1727148372443656193 | minimap2-2.24-none.tar                       | 2023-11-22 10:13:56 | 1727148810059485185 | 11250      |
| 1727148373521592321 | mummer-4.0.0-none.tar                        | 2023-11-22 10:13:56 | 1727148815781515266 | 11250      |
| 1727148374591139842 | picard-2.21.8-none.tar                       | 2023-11-22 10:13:56 | 1727148820340723713 | 11271      |
| 1727148375856738305 | samtools-1.15.1-none.tar                     | 2023-11-22 10:13:56 | 1727148823020883969 | 11250      |
| 1727148376917897218 | samtools-1.3.1-none.tar                      | 2023-11-22 10:13:57 | 1727148823020883969 | 11250      |
| 1727148378297823233 | samtools-1.9-none.tar                        | 2023-11-22 10:13:57 | 1727148823020883969 | 11250      |
| 1727148379389423618 | trf-4.09-none.tar                            | 2023-11-22 10:13:57 | 1727148831254302722 | 11271      |
| 1727148380545970178 | trimal-1.4.1-none.tar                        | 2023-11-22 10:13:57 | 1727148834449362946 | 11250      |
| 1727148381678432258 | trimmomatic-0.38-none.tar                    | 2023-11-22 10:13:58 | 1727148838036492289 | 11250      |
| 1727148382879084545 | trimmomatic-0.39-none.tar                    | 2023-11-22 10:13:58 | 1727148838036492289 | 11250      |
| 1727148383860551682 | trinityrnaseq-v2.14.0-none.tar               | 2023-11-22 10:13:58 | 1727148841009254402 | 11250      |
| 1727148385123037186 | lammps-29oct2020-hpcx_gcc_7.3.1_dtk21.04.tar | 2023-11-22 10:13:59 | 1727148844223090689 | 11250      |
| 1727148387974082561 | lammps-23jun2022-hpcx_gcc_7.3.1_dtk22.04.tar | 2023-11-22 10:13:59 | 1727148846894862338 | 11250      |
| 1727148388993298434 | lammps-23jun2022-hpcx_gcc_7.3.1_dtk22.10.tar | 2023-11-22 10:13:59 | 1727148846894862338 | 11250      |
| 1727148390760181761 | gromacs-2019-gcc_9.3.0_dtk23.04.tar          | 2023-11-22 10:14:00 | 1727148850762010626 | 11250      |
| 1727148396568211458 | gromacs-2020.3-hpcx_gcc_7.3.1_dtk21.04.tar   | 2023-11-22 10:14:01 | 1727148853421199361 | 11276      |
| 1727148398963159041 | gromacs-2022.1-gcc_7.3.1_dtk22.04.tar        | 2023-11-22 10:14:02 | 1727148857149935618 | 11250      |
| 1727148400843288577 | gromacs-2022.1-hpcx_gcc_7.3.1_dtk22.04.tar   | 2023-11-22 10:14:02 | 1727148857149935618 | 11250      |
| 1728717673645481986 | lammps-15Apr2020-intelmpi2018.tar            | 2023-11-26 18:09:46 | 1728718110343925762 | 11250      |
| 1728717676964241410 | lammps-15Jun2020-intelmpi2018.tar            | 2023-11-26 18:09:47 | 1728718115101290497 | 11250      |
| 1728717679019450370 | lammps-18Feb2020-intelmpi2018.tar            | 2023-11-26 18:09:47 | 1728718131206393858 | 11250      |
| 1728717680549306370 | lammps-18Sep2020-intelmpi2018.tar            | 2023-11-26 18:09:48 | 1728718134839685121 | 11250      |
| 1728717688057110529 | lammps-19Mar2020-intelmpi2018.tar            | 2023-11-26 18:09:49 | 1728718139313983489 | 11250      |
| 1728717690255990786 | lammps-21Jul2020-intelmpi2018.tar            | 2023-11-26 18:09:50 | 1728718145953566722 | 11250      |
| 1728717692009209858 | lammps-22Oct2020-intelmpi2018.tar            | 2023-11-26 18:09:50 | 1728718153235902465 | 11250      |
| 1728717693669089281 | lammps-24Aug2020-intelmpi2021.tar            | 2023-11-26 18:09:51 | 1728718159648993281 | 11250      |
| 1728717695012331521 | lammps-24Dec2020-intelmpi2018.tar            | 2023-11-26 18:09:51 | 1728718163263459330 | 11250      |
| 1728717696409034754 | lammps-24Jan2020-intelmpi2018.tar            | 2023-11-26 18:09:51 | 1728718166934499329 | 11250      |
| 1728717698098274306 | lammps-27Feb2020-intelmpi2018.tar            | 2023-11-26 18:09:52 | 1728718174102564865 | 11250      |
| 1728717699529596929 | lammps-29Oct2020-intelmpi2018.tar            | 2023-11-26 18:09:52 | 1728718197782581250 | 11250      |
| 1728717701239808002 | lammps-2Jun2020-intelmpi2018.tar             | 2023-11-26 18:09:53 | 1728718212173238274 | 11250      |
| 1728717702591438850 | lammps-30Jun2020-intelmpi2018.tar            | 2023-11-26 18:09:53 | 1728718226594279426 | 11250      |
| 1728717704067833857 | lammps-30Nov2020-intelmpi2018.tar            | 2023-11-26 18:09:53 | 1728718229773561858 | 11250      |
| 1728717705715130370 | lammps-3Mar2020-intelmpi2018.tar             | 2023-11-26 18:09:54 | 1728718241877299201 | 11250      |
| 1728717707871002626 | lammps-4Feb2020-intelmpi2018.tar             | 2023-11-26 18:09:54 | 1728718249126080514 | 11250      |
| 1728717709226827778 | lammps-5May2020-intelmpi2018.tar             | 2023-11-26 18:09:55 | 1728718255899881474 | 11250      |
| 1728717710559551489 | lammps-9Jan2020-intelmpi2018.tar             | 2023-11-26 18:09:55 | 1728718270696361986 | 11250      |
| 1728717716012146689 | lammps-9Oct2020-intelmpi2018.tar             | 2023-11-26 18:09:56 | 1728718273885057026 | 11250      |
| 1728717717971951617 | lammps-15Apr2020-hpcx_gcc7.3.1.tar           | 2023-11-26 18:09:57 | 1728718110343925762 | 11250      |
| 1728717719855194113 | lammps-15Jun2020-hpcx_gcc7.3.1.tar           | 2023-11-26 18:09:57 | 1728718115101290497 | 11250      |
| 1728717721305358337 | lammps-18Feb2020-hpcx_gcc7.3.1.tar           | 2023-11-26 18:09:57 | 1728718131206393858 | 11250      |
| 1728717722942201858 | lammps-18Sep2020-hpcx_gcc7.3.1.tar           | 2023-11-26 18:09:58 | 1728718134839685121 | 11250      |
| 1728717724212011010 | lammps-19Mar2020-hpcx_gcc7.3.1.tar           | 2023-11-26 18:09:58 | 1728718139313983489 | 11250      |
| 1728717726103642114 | lammps-21Jul2020-hpcx_gcc7.3.1.tar           | 2023-11-26 18:09:59 | 1728718145953566722 | 11250      |
| 1728717727420653569 | lammps-22Oct2020-hpcx_gcc7.3.1.tar           | 2023-11-26 18:09:59 | 1728718153235902465 | 11250      |
| 1728717729232592897 | lammps-24Aug2020-hpcx_gcc7.3.1.tar           | 2023-11-26 18:09:59 | 1728718159648993281 | 11250      |
| 1728717731057115138 | lammps-24Dec2020-hpcx_gcc7.3.1.tar           | 2023-11-26 18:10:00 | 1728718163263459330 | 11250      |
| 1728717732652015618 | lammps-24Jan2020-hpcx_gcc7.3.1.tar           | 2023-11-26 18:10:00 | 1728718166934499329 | 11250      |
| 1728717734442983426 | lammps-27Feb2020-hpcx_gcc7.3.1.tar           | 2023-11-26 18:10:01 | 1728718174102564865 | 11250      |
| 1728717735759994882 | lammps-29Oct2020-hpcx_gcc7.3.1.tar           | 2023-11-26 18:10:01 | 1728718197782581250 | 11250      |
| 1728717737529991169 | lammps-2Jun2020-hpcx_gcc7.3.1.tar            | 2023-11-26 18:10:01 | 1728718212173238274 | 11250      |
| 1728717738984349698 | lammps-30Jun2020-hpcx_gcc7.3.1.tar           | 2023-11-26 18:10:02 | 1728718226594279426 | 11250      |
| 1728717740259418114 | lammps-30Nov2020-hpcx_gcc7.3.1.tar           | 2023-11-26 18:10:02 | 1728718229773561858 | 11250      |
| 1728717741580623873 | lammps-3Mar2020-hpcx_gcc7.3.1.tar            | 2023-11-26 18:10:02 | 1728718241877299201 | 11250      |
| 1728717742953226242 | lammps-4Feb2020-hpcx_gcc7.3.1.tar            | 2023-11-26 18:10:03 | 1728718249126080514 | 11250      |
| 1728717744333152258 | lammps-5May2020-hpcx_gcc7.3.1.tar            | 2023-11-26 18:10:03 | 1728718255899881474 | 11250      |
| 1728717745720401922 | lammps-9Jan2020-hpcx_gcc7.3.1.tar            | 2023-11-26 18:10:03 | 1728718270696361986 | 11250      |
| 1728717746950397953 | lammps-9Oct2020-hpcx_gcc7.3.1.tar            | 2023-11-26 18:10:04 | 1728718273885057026 | 11250      |
| 1728717748477124609 | lammps-10Mar2021-intelmpi2018.tar            | 2023-11-26 18:10:04 | 1728718097560711170 | 11250      |
| 1728717749868568578 | lammps-20Sep2021-intelmpi2018.tar            | 2023-11-26 18:10:04 | 1728718143031160833 | 11250      |
| 1728717751308279810 | lammps-27May2021-intelmpi2021.tar            | 2023-11-26 18:10:05 | 1728718177356320770 | 11250      |
| 1728717752944058370 | lammps-27Oct2021-intelmpi2018.tar            | 2023-11-26 18:10:05 | 1728718181399629825 | 11250      |
| 1728717754114269185 | lammps-28Jul2021-intelmpi2021.tar            | 2023-11-26 18:10:05 | 1728718189414944770 | 11250      |
| 1728717756596232194 | lammps-29Sep2021-intelmpi2018.tar            | 2023-11-26 18:10:06 | 1728718201561649153 | 11250      |
| 1728717757801062402 | lammps-2Jul2021-intelmpi2018.tar             | 2023-11-26 18:10:06 | 1728718208411971586 | 11250      |
| 1728717759033122818 | lammps-30Jul2021-intelmpi2018.tar            | 2023-11-26 18:10:06 | 1728718221049409537 | 11250      |
| 1728717760362717185 | lammps-31Aug2021-intelmpi2018.tar            | 2023-11-26 18:10:07 | 1728718233304141826 | 11250      |
| 1728717761587453953 | lammps-8Apr2021-intelmpi2018.tar             | 2023-11-26 18:10:07 | 1728718264186802178 | 11250      |
| 1728717763051266050 | lammps-10Mar2021-hpcx_gcc7.3.1.tar           | 2023-11-26 18:10:07 | 1728718097560711170 | 11250      |
| 1728717764541308930 | lammps-14Dec2021-hpcx_gcc7.3.1.tar           | 2023-11-26 18:10:08 | 1728718102777401346 | 11250      |
| 1728717766247325697 | lammps-20Sep2021-hpcx_gcc7.3.1.tar           | 2023-11-26 18:10:08 | 1728718143031160833 | 11250      |
| 1728717767841161217 | lammps-27May2021-hpcx_gcc7.3.1.tar           | 2023-11-26 18:10:09 | 1728718177356320770 | 11250      |
| 1728717769829261314 | lammps-27Oct2021-hpcx_gcc7.3.1.tar           | 2023-11-26 18:10:09 | 1728718181399629825 | 11250      |
| 1728717771267907586 | lammps-28Jul2021-hpcx_gcc7.3.1.tar           | 2023-11-26 18:10:09 | 1728718189414944770 | 11250      |
| 1728717773156409345 | lammps-29Sep2021-hpcx_gcc7.3.1.tar           | 2023-11-26 18:10:10 | 1728718201561649153 | 11250      |
| 1728717775311216641 | lammps-2Jul2021-hpcx_gcc7.3.1.tar            | 2023-11-26 18:10:10 | 1728718208411971586 | 11250      |
| 1728717776737280002 | lammps-30Jul2021-hpcx_gcc7.3.1.tar           | 2023-11-26 18:10:11 | 1728718221049409537 | 11250      |
| 1728717778154954754 | lammps-31Aug2021-hpcx_gcc7.3.1.tar           | 2023-11-26 18:10:11 | 1728718233304141826 | 11250      |
| 1728717779870425089 | lammps-8Apr2021-hpcx_gcc7.3.1.tar            | 2023-11-26 18:10:11 | 1728718264186802178 | 11250      |
| 1728717782210846721 | lammps-15Sep2022-intelmpi2021.tar            | 2023-11-26 18:10:12 | 1728718122092171265 | 11250      |
| 1728717783381057538 | lammps-17Feb2022-intelmpi2018.tar            | 2023-11-26 18:10:12 | 1728718126915620866 | 11250      |
| 1728717784699133954 | lammps-22Dec2022-intelmpi2018.tar            | 2023-11-26 18:10:13 | 1728718149645578242 | 11250      |
| 1728717785957425154 | lammps-23Jun2022-intelmpi2018.tar            | 2023-11-26 18:10:13 | 1728718156608122881 | 11250      |
| 1728717787130765313 | lammps-24Mar2022-intelmpi2018.tar            | 2023-11-26 18:10:13 | 1728718171091054593 | 11250      |
| 1728717789114671106 | lammps-2Jun2022-intelmpi2018.tar             | 2023-11-26 18:10:14 | 1728718216568868866 | 11250      |
| 1728717790390804481 | lammps-3Aug2022-intelmpi2021.tar             | 2023-11-26 18:10:14 | 1728718237260394497 | 11250      |
| 1728717791945826305 | lammps-3Nov2022-intelmpi2018.tar             | 2023-11-26 18:10:14 | 1728718245221183490 | 11250      |
| 1728717793331011586 | lammps-4May2022-intelmpi2018.tar             | 2023-11-26 18:10:15 | 1728718252536049666 | 11250      |
| 1728717794693095425 | lammps-7Jan2022-intelmpi2021.tar             | 2023-11-26 18:10:15 | 1728718260723331074 | 11250      |
| 1728717795851788289 | lammps-15Sep2022-hpcx_gcc7.3.1.tar           | 2023-11-26 18:10:15 | 1728718122092171265 | 11250      |
| 1728717797311406082 | lammps-17Feb2022-hpcx_gcc7.3.1.tar           | 2023-11-26 18:10:16 | 1728718126915620866 | 11250      |
| 1728717798490005505 | lammps-22Dec2022-hpcx_gcc7.3.1.tar           | 2023-11-26 18:10:16 | 1728718149645578242 | 11250      |
| 1728717799625596929 | lammps-23Jun2022-hpcx_gcc7.3.1.tar           | 2023-11-26 18:10:16 | 1728718156608122881 | 11250      |
| 1728717800922701826 | lammps-24Mar2022-hpcx_gcc7.3.1.tar           | 2023-11-26 18:10:16 | 1728718171091054593 | 11250      |
| 1728717802155827202 | lammps-2Jun2022-hpcx_gcc7.3.1.tar            | 2023-11-26 18:10:17 | 1728718216568868866 | 11250      |
| 1728717803887009794 | lammps-3Aug2022-hpcx_gcc7.3.1.tar            | 2023-11-26 18:10:17 | 1728718237260394497 | 11250      |
| 1728717805279518722 | lammps-3Nov2022-hpcx_gcc7.3.1.tar            | 2023-11-26 18:10:17 | 1728718245221183490 | 11250      |
| 1728717810494103554 | lammps-4May2022-hpcx_gcc7.3.1.tar            | 2023-11-26 18:10:19 | 1728718252536049666 | 11250      |
| 1728717812430807041 | lammps-7Jan2022-hpcx_gcc7.3.1.tar            | 2023-11-26 18:10:19 | 1728718260723331074 | 11250      |
| 1728717814206062593 | lammps-15Jun2023-intelmpi2018.tar            | 2023-11-26 18:10:20 | 1728718118217658370 | 11250      |
| 1728717815883784193 | lammps-28Mar2023-intelmpi2018.tar            | 2023-11-26 18:10:20 | 1728718194818232321 | 11250      |
| 1728717818563944450 | lammps-2Aug2023-intelmpi2018.tar             | 2023-11-26 18:10:21 | 1728718204917092354 | 11250      |
| 1728717819885150209 | lammps-8Feb2023-intelmpi2021.tar             | 2023-11-26 18:10:21 | 1728718267466747905 | 11250      |
| 1728717821126664193 | lammps-15Jun2023-hpcx_gcc7.3.1.tar           | 2023-11-26 18:10:21 | 1728718118217658370 | 11250      |
| 1728717823123152898 | lammps-28Mar2023-hpcx_gcc7.3.1.tar           | 2023-11-26 18:10:22 | 1728718194818232321 | 11250      |
| 1728717824338436098 | lammps-2Aug2023-hpcx_gcc7.3.1.tar            | 2023-11-26 18:10:22 | 1728718204917092354 | 11250      |
| 1728717825606180866 | lammps-8Feb2023-hpcx_gcc7.3.1.tar            | 2023-11-26 18:10:22 | 1728718267466747905 | 11250      |
| 1728717827019661313 | gromacs-2018.8-hpcx_gcc7.3.1.tar             | 2023-11-26 18:10:23 | 1728718277286637569 | 11250      |
| 1728717829916860417 | gromacs-2020.4-gcc7.3.1_intelmpi21.tar       | 2023-11-26 18:10:23 | 1728718290117013506 | 11250      |
| 1728717831204511746 | gromacs-2020.5-gcc7.3.1_intelmpi21.tar       | 2023-11-26 18:10:24 | 1728718293791223809 | 11250      |
| 1728717832497422338 | gromacs-2020.6-gcc7.3.1_intelmpi21.tar       | 2023-11-26 18:10:24 | 1728718297028202497 | 11250      |
| 1728717833909837825 | gromacs-2020.7-gcc7.3.1_intelmpi21.tar       | 2023-11-26 18:10:24 | 1728718300673052674 | 11250      |
| 1728717835416657921 | gromacs-2020.4-hpcx_gcc7.3.1.tar             | 2023-11-26 18:10:25 | 1728718290117013506 | 11250      |
| 1728717836540731394 | gromacs-2020.5-hpcx_gcc7.3.1.tar             | 2023-11-26 18:10:25 | 1728718293791223809 | 11250      |
| 1728717837723525121 | gromacs-2020.6-hpcx_gcc7.3.1.tar             | 2023-11-26 18:10:25 | 1728718297028202497 | 11250      |
| 1728717839074091010 | gromacs-2020.7-hpcx_gcc7.3.1.tar             | 2023-11-26 18:10:26 | 1728718300673052674 | 11250      |
| 1728717840255819778 | gromacs-2021.1-gcc7.3.1_intelmpi21.tar       | 2023-11-26 18:10:26 | 1728718309439148033 | 11250      |
| 1728717841947189249 | gromacs-2021.2-gcc7.3.1_intelmpi21.tar       | 2023-11-26 18:10:26 | 1728718313910276097 | 11250      |
| 1728717844073701377 | gromacs-2021.3-gcc7.3.1_intelmpi21.tar       | 2023-11-26 18:10:27 | 1728718317837168642 | 11250      |
| 1728717845268013058 | gromacs-2021.4-gcc7.3.1_intelmpi21.tar       | 2023-11-26 18:10:27 | 1728718322513817602 | 11250      |
| 1728717846602866690 | gromacs-2021.5-gcc7.3.1_intelmpi21.tar       | 2023-11-26 18:10:27 | 1728718328780107777 | 11250      |
| 1728717847906230273 | gromacs-2021.6-gcc7.3.1_intelmpi21.tar       | 2023-11-26 18:10:28 | 1728718340834537474 | 11250      |
| 1728717849866035202 | gromacs-2021.7-gcc7.3.1_intelmpi21.tar       | 2023-11-26 18:10:28 | 1728718344068345858 | 11250      |
| 1728717851514396674 | gromacs-2021-gcc7.3.1_intelmpi21.tar         | 2023-11-26 18:10:28 | 1728718305551028225 | 11250      |
| 1728717852926812161 | gromacs-2021.1-hpcx_gcc7.3.1.tar             | 2023-11-26 18:10:29 | 1728718309439148033 | 11250      |
| 1728717854176714754 | gromacs-2021.2-hpcx_gcc7.3.1.tar             | 2023-11-26 18:10:29 | 1728718313910276097 | 11250      |
| 1728717855486402562 | gromacs-2021.3-hpcx_gcc7.3.1.tar             | 2023-11-26 18:10:29 | 1728718317837168642 | 11250      |
| 1728717856731045889 | gromacs-2021.4-hpcx_gcc7.3.1.tar             | 2023-11-26 18:10:30 | 1728718322513817602 | 11250      |
| 1728717858224218114 | gromacs-2021.5-hpcx_gcc7.3.1.tar             | 2023-11-26 18:10:30 | 1728718328780107777 | 11250      |
| 1728717859437436930 | gromacs-2021.6-hpcx_gcc7.3.1.tar             | 2023-11-26 18:10:30 | 1728718340834537474 | 11250      |
| 1728717861371011074 | gromacs-2021.7-hpcx_gcc7.3.1.tar             | 2023-11-26 18:10:31 | 1728718344068345858 | 11250      |
| 1728717862598877186 | gromacs-2022.1-hpcx_gcc7.3.1.tar             | 2023-11-26 18:10:31 | 1728718354579271681 | 11250      |
| 1728717864529321986 | gromacs-2022.2-hpcx_gcc7.3.1.tar             | 2023-11-26 18:10:32 | 1728718358463197186 | 11250      |
| 1728717866102185986 | gromacs-2022.3-hpcx_gcc7.3.1.tar             | 2023-11-26 18:10:32 | 1728718364590051330 | 11250      |
| 1728717867998011394 | gromacs-2022.4-hpcx_gcc7.3.1.tar             | 2023-11-26 18:10:32 | 1728718369796206593 | 11250      |
| 1728717870069997569 | gromacs-2022.5-hpcx_gcc7.3.1.tar             | 2023-11-26 18:10:33 | 1728718383003045890 | 11250      |
| 1728717871381749761 | gromacs-2022-hpcx_gcc7.3.1.tar               | 2023-11-26 18:10:33 | 1728718348630724609 | 11250      |
| 1728717873034305538 | gromacs-2023.1-gcc930_intelmpi17.tar         | 2023-11-26 18:10:34 | 1728718390985830401 | 11250      |
| 1728717874342928385 | gromacs-2023.2-gcc930_intelmpi17.tar         | 2023-11-26 18:10:34 | 1728718394755485698 | 11271      |
| 1728717875496361986 | gromacs-2023-gcc930_intelmpi17.tar           | 2023-11-26 18:10:34 | 1728718386765336578 | 11250      |
| 1728717876847992834 | cp2k-6.1.0-intelmpi_2017_plumed.tar          | 2023-11-26 18:10:35 | 1728718402514948097 | 11250      |
| 1728717878226853889 | cp2k-7.1-intelmpi_2018.tar                   | 2023-11-26 18:10:35 | 1728718406667309058 | 11250      |
| 1728717879519764481 | cp2k-7.1-intelmpi_2020.tar                   | 2023-11-26 18:10:35 | 1728718406667309058 | 11250      |
| 1728717881154478082 | cp2k-8.1-intelmpi_2020.tar                   | 2023-11-26 18:10:36 | 1728718410439012354 | 11250      |
| 1728717883016749057 | cp2k-8.2-intelmpi_2020.tar                   | 2023-11-26 18:10:36 | 1728718413853175810 | 11250      |
| 1728717884816105473 | cp2k-9.1-intelmpi_2018.tar                   | 2023-11-26 18:10:36 | 1728718418163896321 | 11250      |
| 1728717885945438210 | cp2k-9.1-intelmpi_2020.tar                   | 2023-11-26 18:10:37 | 1728718418163896321 | 11250      |
| 1728717887031762946 | cp2k-9.1-intelmpi_2021.tar                   | 2023-11-26 18:10:37 | 1728718418163896321 | 11250      |
| 1728717888185196546 | cp2k_plumed-6.1.0-intelmpi_2017.tar          | 2023-11-26 18:10:37 | 1728718428934868993 | 11250      |
| 1728717889611259906 | cp2k_plumed-9.1-intel2020.tar                | 2023-11-26 18:10:38 | 1728718432987590658 | 11271      |
| 1728717890794053633 | cp2k_plumed-9.1-intelmpi_2018.tar            | 2023-11-26 18:10:38 | 1728718432987590658 | 11250      |
| 1728717892168720385 | cp2k-2022.1-intelmpi2021.tar                 | 2023-11-26 18:10:38 | 1728718398983344129 | 11250      |
| 1728717893725872129 | cp2k_plumed-2023.1-intel2021.tar             | 2023-11-26 18:10:39 | 1728718421801381889 | 11250      |
| 1728717894882435073 | cp2k_plumed-2023.1-intelmpi_2021.tar         | 2023-11-26 18:10:39 | 1728718421801381889 | 11250      |
| 1728717896129208322 | cp2k_plumed-22.1-intel2020.tar               | 2023-11-26 18:10:39 | 1728718425281630209 | 11250      |
| 1728717897512263682 | qe-6.4-intelmpi_2017.tar                     | 2023-11-26 18:10:39 | 1728718437117956098 | 11250      |
| 1728717898725482498 | qe-6.6-gcc731.tar                            | 2023-11-26 18:10:40 | 1728718440855080961 | 11250      |
| 1728717904139264002 | qe-6.6-hpcx_intel2017.tar                    | 2023-11-26 18:10:41 | 1728718440855080961 | 11250      |
| 1728717906791129089 | qe-6.6-intel2021.tar                         | 2023-11-26 18:10:42 | 1728718440855080961 | 11250      |
| 1728717908656529409 | qe-6.6-intelmpi_2017.tar                     | 2023-11-26 18:10:42 | 1728718440855080961 | 11250      |
| 1728717910795624449 | qe-6.7-gcc731.tar                            | 2023-11-26 18:10:43 | 1728718446312894465 | 11271      |
| 1728717912335998977 | qe-6.7-intel2021.tar                         | 2023-11-26 18:10:43 | 1728718446312894465 | 11250      |
| 1728717914893459458 | qe-6.7-intelmpi_2017.tar                     | 2023-11-26 18:10:44 | 1728718446312894465 | 11250      |
+---------------------+----------------------------------------------+---------------------+---------------------+------------+
